[1114/151007.719:ERROR:directory_reader_win.cc(43)] FindFirstFile: Le chemin d’accès spécifié est introuvable. (0x3)
[1114/180842.085:ERROR:directory_reader_win.cc(43)] FindFirstFile: Le chemin d’accès spécifié est introuvable. (0x3)
[1127/180811.784:ERROR:directory_reader_win.cc(43)] FindFirstFile: Le chemin d’accès spécifié est introuvable. (0x3)
[1127/213713.226:ERROR:directory_reader_win.cc(43)] FindFirstFile: Le chemin d’accès spécifié est introuvable. (0x3)
[1127/214738.139:ERROR:directory_reader_win.cc(43)] FindFirstFile: Le chemin d’accès spécifié est introuvable. (0x3)
[1127/233610.430:ERROR:directory_reader_win.cc(43)] FindFirstFile: Le chemin d’accès spécifié est introuvable. (0x3)
[1129/133225.306:ERROR:directory_reader_win.cc(43)] FindFirstFile: Le chemin d’accès spécifié est introuvable. (0x3)
[1129/134452.078:ERROR:directory_reader_win.cc(43)] FindFirstFile: Le chemin d’accès spécifié est introuvable. (0x3)
[1130/094109.414:ERROR:directory_reader_win.cc(43)] FindFirstFile: Le chemin d’accès spécifié est introuvable. (0x3)
[1130/094115.926:ERROR:directory_reader_win.cc(43)] FindFirstFile: Le chemin d’accès spécifié est introuvable. (0x3)
[1130/094446.362:ERROR:directory_reader_win.cc(43)] FindFirstFile: Le chemin d’accès spécifié est introuvable. (0x3)
[1130/094452.226:ERROR:directory_reader_win.cc(43)] FindFirstFile: Le chemin d’accès spécifié est introuvable. (0x3)
[1130/094710.372:ERROR:directory_reader_win.cc(43)] FindFirstFile: Le chemin d’accès spécifié est introuvable. (0x3)
[1130/094718.776:ERROR:directory_reader_win.cc(43)] FindFirstFile: Le chemin d’accès spécifié est introuvable. (0x3)
[1130/094941.457:ERROR:directory_reader_win.cc(43)] FindFirstFile: Le chemin d’accès spécifié est introuvable. (0x3)
[1130/102121.473:ERROR:directory_reader_win.cc(43)] FindFirstFile: Le chemin d’accès spécifié est introuvable. (0x3)
[1130/102308.453:ERROR:directory_reader_win.cc(43)] FindFirstFile: Le chemin d’accès spécifié est introuvable. (0x3)
[1130/102538.184:ERROR:directory_reader_win.cc(43)] FindFirstFile: Le chemin d’accès spécifié est introuvable. (0x3)
[1130/102541.688:ERROR:directory_reader_win.cc(43)] FindFirstFile: Le chemin d’accès spécifié est introuvable. (0x3)
[1130/111835.142:ERROR:directory_reader_win.cc(43)] FindFirstFile: Le chemin d’accès spécifié est introuvable. (0x3)
[1130/112919.055:ERROR:directory_reader_win.cc(43)] FindFirstFile: Le chemin d’accès spécifié est introuvable. (0x3)
[1130/113435.303:ERROR:process_memory_win.cc(73)] ReadMemory at 0x7ff7db430000 of 64 bytes failed: Seule une partie d’une requête ReadProcessMemory ou WriteProcessMemory a été effectuée. (0x12B)
[1130/113435.304:WARNING:pe_image_reader.cc(340)] could not read dos header from C:\Program Files\Google\Chrome\Application\chrome.exe
[1130/113435.304:ERROR:process_memory_win.cc(73)] ReadMemory at 0x7ff9d7400000 of 64 bytes failed: Seule une partie d’une requête ReadProcessMemory ou WriteProcessMemory a été effectuée. (0x12B)
[1130/113435.304:WARNING:pe_image_reader.cc(340)] could not read dos header from C:\WINDOWS\SYSTEM32\ntdll.dll
[1130/113435.304:ERROR:process_memory_win.cc(73)] ReadMemory at 0x7ff9d6be0000 of 64 bytes failed: Seule une partie d’une requête ReadProcessMemory ou WriteProcessMemory a été effectuée. (0x12B)
[1130/113435.304:WARNING:pe_image_reader.cc(340)] could not read dos header from C:\WINDOWS\System32\KERNEL32.DLL
[1130/113435.304:ERROR:process_memory_win.cc(73)] ReadMemory at 0x7ff9d4ec0000 of 64 bytes failed: Seule une partie d’une requête ReadProcessMemory ou WriteProcessMemory a été effectuée. (0x12B)
[1130/113435.305:WARNING:pe_image_reader.cc(340)] could not read dos header from C:\WINDOWS\System32\KERNELBASE.dll
[1130/113435.305:ERROR:process_memory_win.cc(73)] ReadMemory at 0x7ff9c00e0000 of 64 bytes failed: Seule une partie d’une requête ReadProcessMemory ou WriteProcessMemory a été effectuée. (0x12B)
[1130/113435.305:WARNING:pe_image_reader.cc(340)] could not read dos header from C:\Program Files\Google\Chrome\Application\86.0.4240.198\chrome_elf.dll
[1130/113435.305:ERROR:process_memory_win.cc(73)] ReadMemory at 0x7ff9cb600000 of 64 bytes failed: Seule une partie d’une requête ReadProcessMemory ou WriteProcessMemory a été effectuée. (0x12B)
[1130/113435.305:WARNING:pe_image_reader.cc(340)] could not read dos header from C:\WINDOWS\SYSTEM32\VERSION.dll
[1130/113435.305:ERROR:process_memory_win.cc(73)] ReadMemory at 0x7ff9d64a0000 of 64 bytes failed: Seule une partie d’une requête ReadProcessMemory ou WriteProcessMemory a été effectuée. (0x12B)
[1130/113435.305:WARNING:pe_image_reader.cc(340)] could not read dos header from C:\WINDOWS\System32\msvcrt.dll
[1130/113435.305:ERROR:process_memory_win.cc(73)] ReadMemory at 0x7ff9d4d10000 of 64 bytes failed: Seule une partie d’une requête ReadProcessMemory ou WriteProcessMemory a été effectuée. (0x12B)
[1130/113435.305:WARNING:pe_image_reader.cc(340)] could not read dos header from C:\WINDOWS\System32\bcryptPrimitives.dll
[1130/113435.305:ERROR:process_memory_win.cc(73)] ReadMemory at 0x7ff9d6220000 of 64 bytes failed: Seule une partie d’une requête ReadProcessMemory ou WriteProcessMemory a été effectuée. (0x12B)
[1130/113435.305:WARNING:pe_image_reader.cc(340)] could not read dos header from C:\WINDOWS\System32\ADVAPI32.dll
[1130/113435.305:ERROR:process_memory_win.cc(73)] ReadMemory at 0x7ff9d6120000 of 64 bytes failed: Seule une partie d’une requête ReadProcessMemory ou WriteProcessMemory a été effectuée. (0x12B)
[1130/113435.305:WARNING:pe_image_reader.cc(340)] could not read dos header from C:\WINDOWS\System32\sechost.dll
[1130/113435.305:ERROR:process_memory_win.cc(73)] ReadMemory at 0x7ff9d62d0000 of 64 bytes failed: Seule une partie d’une requête ReadProcessMemory ou WriteProcessMemory a été effectuée. (0x12B)
[1130/113435.305:WARNING:pe_image_reader.cc(340)] could not read dos header from C:\WINDOWS\System32\RPCRT4.dll
[1130/113435.305:ERROR:process_memory_win.cc(73)] ReadMemory at 0x7ff960e50000 of 64 bytes failed: Seule une partie d’une requête ReadProcessMemory ou WriteProcessMemory a été effectuée. (0x12B)
[1130/113435.305:WARNING:pe_image_reader.cc(340)] could not read dos header from C:\Program Files\Google\Chrome\Application\86.0.4240.198\chrome.dll
[1130/113435.305:ERROR:process_memory_win.cc(73)] ReadMemory at 0x7ff9d6b00000 of 64 bytes failed: Seule une partie d’une requête ReadProcessMemory ou WriteProcessMemory a été effectuée. (0x12B)
[1130/113435.305:WARNING:pe_image_reader.cc(340)] could not read dos header from C:\WINDOWS\System32\WS2_32.dll
[1130/113435.305:ERROR:process_memory_win.cc(73)] ReadMemory at 0x7ff9d54b0000 of 64 bytes failed: Seule une partie d’une requête ReadProcessMemory ou WriteProcessMemory a été effectuée. (0x12B)
[1130/113435.306:WARNING:pe_image_reader.cc(340)] could not read dos header from C:\WINDOWS\System32\OLEAUT32.dll
[1130/113435.306:ERROR:process_memory_win.cc(73)] ReadMemory at 0x7ff9d51c0000 of 64 bytes failed: Seule une partie d’une requête ReadProcessMemory ou WriteProcessMemory a été effectuée. (0x12B)
[1130/113435.306:WARNING:pe_image_reader.cc(340)] could not read dos header from C:\WINDOWS\System32\msvcp_win.dll
[1130/113435.306:ERROR:process_memory_win.cc(73)] ReadMemory at 0x7ff9d4dc0000 of 64 bytes failed: Seule une partie d’une requête ReadProcessMemory ou WriteProcessMemory a été effectuée. (0x12B)
[1130/113435.306:WARNING:pe_image_reader.cc(340)] could not read dos header from C:\WINDOWS\System32\ucrtbase.dll
[1130/113435.306:ERROR:process_memory_win.cc(73)] ReadMemory at 0x7ff9d5930000 of 64 bytes failed: Seule une partie d’une requête ReadProcessMemory ou WriteProcessMemory a été effectuée. (0x12B)
[1130/113435.306:WARNING:pe_image_reader.cc(340)] could not read dos header from C:\WINDOWS\System32\combase.dll
[1130/113435.306:ERROR:process_memory_win.cc(73)] ReadMemory at 0x7ff9d4520000 of 64 bytes failed: Seule une partie d’une requête ReadProcessMemory ou WriteProcessMemory a été effectuée. (0x12B)
[1130/113435.306:WARNING:pe_image_reader.cc(340)] could not read dos header from C:\WINDOWS\System32\WINTRUST.dll
[1130/113435.306:ERROR:process_memory_win.cc(73)] ReadMemory at 0x7ff9d42c0000 of 64 bytes failed: Seule une partie d’une requête ReadProcessMemory ou WriteProcessMemory a été effectuée. (0x12B)
[1130/113435.306:WARNING:pe_image_reader.cc(340)] could not read dos header from C:\WINDOWS\System32\MSASN1.dll
[1130/113435.306:ERROR:process_memory_win.cc(73)] ReadMemory at 0x7ff9d4380000 of 64 bytes failed: Seule une partie d’une requête ReadProcessMemory ou WriteProcessMemory a été effectuée. (0x12B)
[1130/113435.306:WARNING:pe_image_reader.cc(340)] could not read dos header from C:\WINDOWS\System32\CRYPT32.dll
[1130/113435.306:ERROR:process_memory_win.cc(73)] ReadMemory at 0x7ff9d2b40000 of 64 bytes failed: Seule une partie d’une requête ReadProcessMemory ou WriteProcessMemory a été effectuée. (0x12B)
[1130/113435.306:WARNING:pe_image_reader.cc(340)] could not read dos header from C:\WINDOWS\SYSTEM32\dbghelp.dll
[1130/113435.306:ERROR:process_memory_win.cc(73)] ReadMemory at 0x7ff9d37b0000 of 64 bytes failed: Seule une partie d’une requête ReadProcessMemory ou WriteProcessMemory a été effectuée. (0x12B)
[1130/113435.306:WARNING:pe_image_reader.cc(340)] could not read dos header from C:\WINDOWS\SYSTEM32\IPHLPAPI.DLL
[1130/113435.307:ERROR:process_memory_win.cc(73)] ReadMemory at 0x7ff9d1af0000 of 64 bytes failed: Seule une partie d’une requête ReadProcessMemory ou WriteProcessMemory a été effectuée. (0x12B)
[1130/113435.307:WARNING:pe_image_reader.cc(340)] could not read dos header from C:\WINDOWS\SYSTEM32\WINMM.dll
[1130/113435.307:ERROR:process_memory_win.cc(73)] ReadMemory at 0x7ff9a9d80000 of 64 bytes failed: Seule une partie d’une requête ReadProcessMemory ou WriteProcessMemory a été effectuée. (0x12B)
[1130/113435.307:WARNING:pe_image_reader.cc(340)] could not read dos header from C:\WINDOWS\SYSTEM32\UIAutomationCore.DLL
[1130/113435.307:ERROR:process_memory_win.cc(73)] ReadMemory at 0x7ff9bda70000 of 64 bytes failed: Seule une partie d’une requête ReadProcessMemory ou WriteProcessMemory a été effectuée. (0x12B)
[1130/113435.307:WARNING:pe_image_reader.cc(340)] could not read dos header from C:\WINDOWS\SYSTEM32\Secur32.dll
[1130/113435.307:ERROR:process_memory_win.cc(73)] ReadMemory at 0x7ff9d4190000 of 64 bytes failed: Seule une partie d’une requête ReadProcessMemory ou WriteProcessMemory a été effectuée. (0x12B)
[1130/113435.307:WARNING:pe_image_reader.cc(340)] could not read dos header from C:\WINDOWS\SYSTEM32\USERENV.dll
[1130/113435.307:ERROR:process_memory_win.cc(73)] ReadMemory at 0x7ff9d4300000 of 64 bytes failed: Seule une partie d’une requête ReadProcessMemory ou WriteProcessMemory a été effectuée. (0x12B)
[1130/113435.307:WARNING:pe_image_reader.cc(340)] could not read dos header from C:\WINDOWS\System32\profapi.dll
[1130/113435.307:ERROR:process_memory_win.cc(73)] ReadMemory at 0x7ff9c2fe0000 of 64 bytes failed: Seule une partie d’une requête ReadProcessMemory ou WriteProcessMemory a été effectuée. (0x12B)
[1130/113435.307:WARNING:pe_image_reader.cc(340)] could not read dos header from C:\WINDOWS\SYSTEM32\DWrite.dll
[1130/113435.307:ERROR:process_memory_win.cc(73)] ReadMemory at 0x7ff9c5350000 of 64 bytes failed: Seule une partie d’une requête ReadProcessMemory ou WriteProcessMemory a été effectuée. (0x12B)
[1130/113435.307:WARNING:pe_image_reader.cc(340)] could not read dos header from C:\WINDOWS\SYSTEM32\WINSPOOL.DRV
[1130/113435.307:ERROR:process_memory_win.cc(73)] ReadMemory at 0x7ff9d42e0000 of 64 bytes failed: Seule une partie d’une requête ReadProcessMemory ou WriteProcessMemory a été effectuée. (0x12B)
[1130/113435.307:WARNING:pe_image_reader.cc(340)] could not read dos header from C:\WINDOWS\System32\kernel.appcore.dll
[1130/113435.307:ERROR:process_memory_win.cc(73)] ReadMemory at 0x7ff9d4d90000 of 64 bytes failed: Seule une partie d’une requête ReadProcessMemory ou WriteProcessMemory a été effectuée. (0x12B)
[1130/113435.307:WARNING:pe_image_reader.cc(340)] could not read dos header from C:\WINDOWS\System32\bcrypt.dll
[1130/113435.307:ERROR:process_memory_win.cc(73)] ReadMemory at 0x7ff9c60a0000 of 64 bytes failed: Seule une partie d’une requête ReadProcessMemory ou WriteProcessMemory a été effectuée. (0x12B)
[1130/113435.307:WARNING:pe_image_reader.cc(340)] could not read dos header from C:\WINDOWS\SYSTEM32\WINHTTP.dll
[1130/113435.307:ERROR:process_memory_win.cc(73)] ReadMemory at 0x7ff9ca660000 of 64 bytes failed: Seule une partie d’une requête ReadProcessMemory ou WriteProcessMemory a été effectuée. (0x12B)
[1130/113435.307:WARNING:pe_image_reader.cc(340)] could not read dos header from C:\WINDOWS\SYSTEM32\dhcpcsvc.DLL
[1130/113435.307:ERROR:process_memory_win.cc(73)] ReadMemory at 0x7ff9d6cc0000 of 64 bytes failed: Seule une partie d’une requête ReadProcessMemory ou WriteProcessMemory a été effectuée. (0x12B)
[1130/113435.307:WARNING:pe_image_reader.cc(340)] could not read dos header from C:\WINDOWS\System32\NSI.dll
[1130/113435.307:ERROR:process_memory_win.cc(73)] ReadMemory at 0x7ff9d1ac0000 of 64 bytes failed: Seule une partie d’une requête ReadProcessMemory ou WriteProcessMemory a été effectuée. (0x12B)
[1130/113435.307:WARNING:pe_image_reader.cc(340)] could not read dos header from C:\WINDOWS\SYSTEM32\WINMMBASE.dll
[1130/113435.307:ERROR:process_memory_win.cc(73)] ReadMemory at 0x7ff9d5170000 of 64 bytes failed: Seule une partie d’une requête ReadProcessMemory ou WriteProcessMemory a été effectuée. (0x12B)
[1130/113435.308:WARNING:pe_image_reader.cc(340)] could not read dos header from C:\WINDOWS\System32\cfgmgr32.dll
[1130/113435.308:ERROR:process_memory_win.cc(73)] ReadMemory at 0x7ff9d2500000 of 64 bytes failed: Seule une partie d’une requête ReadProcessMemory ou WriteProcessMemory a été effectuée. (0x12B)
[1130/113435.308:WARNING:pe_image_reader.cc(340)] could not read dos header from C:\WINDOWS\SYSTEM32\PROPSYS.dll
[1130/113435.308:ERROR:process_memory_win.cc(73)] ReadMemory at 0x7ff9d5e70000 of 64 bytes failed: Seule une partie d’une requête ReadProcessMemory ou WriteProcessMemory a été effectuée. (0x12B)
[1130/113435.308:WARNING:pe_image_reader.cc(340)] could not read dos header from C:\WINDOWS\System32\shcore.dll
[1130/113435.308:ERROR:process_memory_win.cc(73)] ReadMemory at 0x7ff9d41c0000 of 64 bytes failed: Seule une partie d’une requête ReadProcessMemory ou WriteProcessMemory a été effectuée. (0x12B)
[1130/113435.308:WARNING:pe_image_reader.cc(340)] could not read dos header from C:\WINDOWS\SYSTEM32\SSPICLI.DLL
[1130/113435.308:ERROR:process_memory_win.cc(73)] ReadMemory at 0x7ff9d6cd0000 of 64 bytes failed: Seule une partie d’une requête ReadProcessMemory ou WriteProcessMemory a été effectuée. (0x12B)
[1130/113435.308:WARNING:pe_image_reader.cc(340)] could not read dos header from C:\WINDOWS\System32\SHELL32.dll
[1130/113435.308:ERROR:process_memory_win.cc(73)] ReadMemory at 0x7ff9d4580000 of 64 bytes failed: Seule une partie d’une requête ReadProcessMemory ou WriteProcessMemory a été effectuée. (0x12B)
[1130/113435.308:WARNING:pe_image_reader.cc(340)] could not read dos header from C:\WINDOWS\System32\windows.storage.dll
[1130/113435.308:ERROR:process_memory_win.cc(73)] ReadMemory at 0x7ff9d4330000 of 64 bytes failed: Seule une partie d’une requête ReadProcessMemory ou WriteProcessMemory a été effectuée. (0x12B)
[1130/113435.308:WARNING:pe_image_reader.cc(340)] could not read dos header from C:\WINDOWS\System32\powrprof.dll
[1130/113435.308:ERROR:process_memory_win.cc(73)] ReadMemory at 0x7ff9d42b0000 of 64 bytes failed: Seule une partie d’une requête ReadProcessMemory ou WriteProcessMemory a été effectuée. (0x12B)
[1130/113435.308:WARNING:pe_image_reader.cc(340)] could not read dos header from C:\WINDOWS\System32\UMPDC.dll
[1130/113435.308:ERROR:process_memory_win.cc(73)] ReadMemory at 0x7ff9d5c70000 of 64 bytes failed: Seule une partie d’une requête ReadProcessMemory ou WriteProcessMemory a été effectuée. (0x12B)
[1130/113435.308:WARNING:pe_image_reader.cc(340)] could not read dos header from C:\WINDOWS\System32\shlwapi.dll
[1130/113435.308:ERROR:process_memory_win.cc(73)] ReadMemory at 0x7ff9d5ce0000 of 64 bytes failed: Seule une partie d’une requête ReadProcessMemory ou WriteProcessMemory a été effectuée. (0x12B)
[1130/113435.308:WARNING:pe_image_reader.cc(340)] could not read dos header from C:\WINDOWS\System32\GDI32.dll
[1130/113435.308:ERROR:process_memory_win.cc(73)] ReadMemory at 0x7ff9d44d0000 of 64 bytes failed: Seule une partie d’une requête ReadProcessMemory ou WriteProcessMemory a été effectuée. (0x12B)
[1130/113435.308:WARNING:pe_image_reader.cc(340)] could not read dos header from C:\WINDOWS\System32\win32u.dll
[1130/113435.308:ERROR:process_memory_win.cc(73)] ReadMemory at 0x7ff9d5310000 of 64 bytes failed: Seule une partie d’une requête ReadProcessMemory ou WriteProcessMemory a été effectuée. (0x12B)
[1130/113435.308:WARNING:pe_image_reader.cc(340)] could not read dos header from C:\WINDOWS\System32\gdi32full.dll
[1130/113435.308:ERROR:process_memory_win.cc(73)] ReadMemory at 0x7ff9d5f80000 of 64 bytes failed: Seule une partie d’une requête ReadProcessMemory ou WriteProcessMemory a été effectuée. (0x12B)
[1130/113435.308:WARNING:pe_image_reader.cc(340)] could not read dos header from C:\WINDOWS\System32\USER32.dll
[1130/113435.308:ERROR:process_memory_win.cc(73)] ReadMemory at 0x7ff9d4500000 of 64 bytes failed: Seule une partie d’une requête ReadProcessMemory ou WriteProcessMemory a été effectuée. (0x12B)
[1130/113435.309:WARNING:pe_image_reader.cc(340)] could not read dos header from C:\WINDOWS\System32\cryptsp.dll
[1130/113435.309:ERROR:process_memory_win.cc(73)] ReadMemory at 0x7ff9d63f0000 of 64 bytes failed: Seule une partie d’une requête ReadProcessMemory ou WriteProcessMemory a été effectuée. (0x12B)
[1130/113435.309:WARNING:pe_image_reader.cc(340)] could not read dos header from C:\WINDOWS\System32\IMM32.DLL
[1130/113435.309:ERROR:process_memory_win.cc(73)] ReadMemory at 0x7ff9d3c70000 of 64 bytes failed: Seule une partie d’une requête ReadProcessMemory ou WriteProcessMemory a été effectuée. (0x12B)
[1130/113435.309:WARNING:pe_image_reader.cc(340)] could not read dos header from C:\WINDOWS\SYSTEM32\CRYPTBASE.DLL
[1130/113435.314:ERROR:process_memory_win.cc(73)] ReadMemory at 0x7ff7db430000 of 64 bytes failed: Seule une partie d’une requête ReadProcessMemory ou WriteProcessMemory a été effectuée. (0x12B)
[1130/113435.314:WARNING:pe_image_reader.cc(340)] could not read dos header from C:\Program Files\Google\Chrome\Application\chrome.exe
[1130/113435.314:ERROR:process_memory_win.cc(73)] ReadMemory at 0x7ff9d7400000 of 64 bytes failed: Seule une partie d’une requête ReadProcessMemory ou WriteProcessMemory a été effectuée. (0x12B)
[1130/113435.314:WARNING:pe_image_reader.cc(340)] could not read dos header from C:\WINDOWS\SYSTEM32\ntdll.dll
[1130/113435.314:ERROR:process_memory_win.cc(73)] ReadMemory at 0x7ff9d6be0000 of 64 bytes failed: Seule une partie d’une requête ReadProcessMemory ou WriteProcessMemory a été effectuée. (0x12B)
[1130/113435.314:WARNING:pe_image_reader.cc(340)] could not read dos header from C:\WINDOWS\System32\KERNEL32.DLL
[1130/113435.314:ERROR:process_memory_win.cc(73)] ReadMemory at 0x7ff9d4ec0000 of 64 bytes failed: Seule une partie d’une requête ReadProcessMemory ou WriteProcessMemory a été effectuée. (0x12B)
[1130/113435.314:WARNING:pe_image_reader.cc(340)] could not read dos header from C:\WINDOWS\System32\KERNELBASE.dll
[1130/113435.314:ERROR:process_memory_win.cc(73)] ReadMemory at 0x7ff9c00e0000 of 64 bytes failed: Seule une partie d’une requête ReadProcessMemory ou WriteProcessMemory a été effectuée. (0x12B)
[1130/113435.314:WARNING:pe_image_reader.cc(340)] could not read dos header from C:\Program Files\Google\Chrome\Application\86.0.4240.198\chrome_elf.dll
[1130/113435.314:ERROR:process_memory_win.cc(73)] ReadMemory at 0x7ff9cb600000 of 64 bytes failed: Seule une partie d’une requête ReadProcessMemory ou WriteProcessMemory a été effectuée. (0x12B)
[1130/113435.314:WARNING:pe_image_reader.cc(340)] could not read dos header from C:\WINDOWS\SYSTEM32\VERSION.dll
[1130/113435.314:ERROR:process_memory_win.cc(73)] ReadMemory at 0x7ff9d64a0000 of 64 bytes failed: Seule une partie d’une requête ReadProcessMemory ou WriteProcessMemory a été effectuée. (0x12B)
[1130/113435.314:WARNING:pe_image_reader.cc(340)] could not read dos header from C:\WINDOWS\System32\msvcrt.dll
[1130/113435.315:ERROR:process_memory_win.cc(73)] ReadMemory at 0x7ff9d4d10000 of 64 bytes failed: Seule une partie d’une requête ReadProcessMemory ou WriteProcessMemory a été effectuée. (0x12B)
[1130/113435.315:WARNING:pe_image_reader.cc(340)] could not read dos header from C:\WINDOWS\System32\bcryptPrimitives.dll
[1130/113435.315:ERROR:process_memory_win.cc(73)] ReadMemory at 0x7ff9d6220000 of 64 bytes failed: Seule une partie d’une requête ReadProcessMemory ou WriteProcessMemory a été effectuée. (0x12B)
[1130/113435.315:WARNING:pe_image_reader.cc(340)] could not read dos header from C:\WINDOWS\System32\ADVAPI32.dll
[1130/113435.315:ERROR:process_memory_win.cc(73)] ReadMemory at 0x7ff9d6120000 of 64 bytes failed: Seule une partie d’une requête ReadProcessMemory ou WriteProcessMemory a été effectuée. (0x12B)
[1130/113435.315:WARNING:pe_image_reader.cc(340)] could not read dos header from C:\WINDOWS\System32\sechost.dll
[1130/113435.315:ERROR:process_memory_win.cc(73)] ReadMemory at 0x7ff9d62d0000 of 64 bytes failed: Seule une partie d’une requête ReadProcessMemory ou WriteProcessMemory a été effectuée. (0x12B)
[1130/113435.315:WARNING:pe_image_reader.cc(340)] could not read dos header from C:\WINDOWS\System32\RPCRT4.dll
[1130/113435.315:ERROR:process_memory_win.cc(73)] ReadMemory at 0x7ff960e50000 of 64 bytes failed: Seule une partie d’une requête ReadProcessMemory ou WriteProcessMemory a été effectuée. (0x12B)
[1130/113435.315:WARNING:pe_image_reader.cc(340)] could not read dos header from C:\Program Files\Google\Chrome\Application\86.0.4240.198\chrome.dll
[1130/113435.315:ERROR:process_memory_win.cc(73)] ReadMemory at 0x7ff9d6b00000 of 64 bytes failed: Seule une partie d’une requête ReadProcessMemory ou WriteProcessMemory a été effectuée. (0x12B)
[1130/113435.315:WARNING:pe_image_reader.cc(340)] could not read dos header from C:\WINDOWS\System32\WS2_32.dll
[1130/113435.315:ERROR:process_memory_win.cc(73)] ReadMemory at 0x7ff9d54b0000 of 64 bytes failed: Seule une partie d’une requête ReadProcessMemory ou WriteProcessMemory a été effectuée. (0x12B)
[1130/113435.315:WARNING:pe_image_reader.cc(340)] could not read dos header from C:\WINDOWS\System32\OLEAUT32.dll
[1130/113435.315:ERROR:process_memory_win.cc(73)] ReadMemory at 0x7ff9d51c0000 of 64 bytes failed: Seule une partie d’une requête ReadProcessMemory ou WriteProcessMemory a été effectuée. (0x12B)
[1130/113435.315:WARNING:pe_image_reader.cc(340)] could not read dos header from C:\WINDOWS\System32\msvcp_win.dll
[1130/113435.315:ERROR:process_memory_win.cc(73)] ReadMemory at 0x7ff9d4dc0000 of 64 bytes failed: Seule une partie d’une requête ReadProcessMemory ou WriteProcessMemory a été effectuée. (0x12B)
[1130/113435.315:WARNING:pe_image_reader.cc(340)] could not read dos header from C:\WINDOWS\System32\ucrtbase.dll
[1130/113435.315:ERROR:process_memory_win.cc(73)] ReadMemory at 0x7ff9d5930000 of 64 bytes failed: Seule une partie d’une requête ReadProcessMemory ou WriteProcessMemory a été effectuée. (0x12B)
[1130/113435.315:WARNING:pe_image_reader.cc(340)] could not read dos header from C:\WINDOWS\System32\combase.dll
[1130/113435.315:ERROR:process_memory_win.cc(73)] ReadMemory at 0x7ff9d4520000 of 64 bytes failed: Seule une partie d’une requête ReadProcessMemory ou WriteProcessMemory a été effectuée. (0x12B)
[1130/113435.316:WARNING:pe_image_reader.cc(340)] could not read dos header from C:\WINDOWS\System32\WINTRUST.dll
[1130/113435.316:ERROR:process_memory_win.cc(73)] ReadMemory at 0x7ff9d42c0000 of 64 bytes failed: Seule une partie d’une requête ReadProcessMemory ou WriteProcessMemory a été effectuée. (0x12B)
[1130/113435.316:WARNING:pe_image_reader.cc(340)] could not read dos header from C:\WINDOWS\System32\MSASN1.dll
[1130/113435.316:ERROR:process_memory_win.cc(73)] ReadMemory at 0x7ff9d4380000 of 64 bytes failed: Seule une partie d’une requête ReadProcessMemory ou WriteProcessMemory a été effectuée. (0x12B)
[1130/113435.316:WARNING:pe_image_reader.cc(340)] could not read dos header from C:\WINDOWS\System32\CRYPT32.dll
[1130/113435.316:ERROR:process_memory_win.cc(73)] ReadMemory at 0x7ff9d2b40000 of 64 bytes failed: Seule une partie d’une requête ReadProcessMemory ou WriteProcessMemory a été effectuée. (0x12B)
[1130/113435.316:WARNING:pe_image_reader.cc(340)] could not read dos header from C:\WINDOWS\SYSTEM32\dbghelp.dll
[1130/113435.316:ERROR:process_memory_win.cc(73)] ReadMemory at 0x7ff9d37b0000 of 64 bytes failed: Seule une partie d’une requête ReadProcessMemory ou WriteProcessMemory a été effectuée. (0x12B)
[1130/113435.316:WARNING:pe_image_reader.cc(340)] could not read dos header from C:\WINDOWS\SYSTEM32\IPHLPAPI.DLL
[1130/113435.316:ERROR:process_memory_win.cc(73)] ReadMemory at 0x7ff9d1af0000 of 64 bytes failed: Seule une partie d’une requête ReadProcessMemory ou WriteProcessMemory a été effectuée. (0x12B)
[1130/113435.316:WARNING:pe_image_reader.cc(340)] could not read dos header from C:\WINDOWS\SYSTEM32\WINMM.dll
[1130/113435.316:ERROR:process_memory_win.cc(73)] ReadMemory at 0x7ff9a9d80000 of 64 bytes failed: Seule une partie d’une requête ReadProcessMemory ou WriteProcessMemory a été effectuée. (0x12B)
[1130/113435.316:WARNING:pe_image_reader.cc(340)] could not read dos header from C:\WINDOWS\SYSTEM32\UIAutomationCore.DLL
[1130/113435.316:ERROR:process_memory_win.cc(73)] ReadMemory at 0x7ff9bda70000 of 64 bytes failed: Seule une partie d’une requête ReadProcessMemory ou WriteProcessMemory a été effectuée. (0x12B)
[1130/113435.316:WARNING:pe_image_reader.cc(340)] could not read dos header from C:\WINDOWS\SYSTEM32\Secur32.dll
[1130/113435.316:ERROR:process_memory_win.cc(73)] ReadMemory at 0x7ff9d4190000 of 64 bytes failed: Seule une partie d’une requête ReadProcessMemory ou WriteProcessMemory a été effectuée. (0x12B)
[1130/113435.316:WARNING:pe_image_reader.cc(340)] could not read dos header from C:\WINDOWS\SYSTEM32\USERENV.dll
[1130/113435.316:ERROR:process_memory_win.cc(73)] ReadMemory at 0x7ff9d4300000 of 64 bytes failed: Seule une partie d’une requête ReadProcessMemory ou WriteProcessMemory a été effectuée. (0x12B)
[1130/113435.316:WARNING:pe_image_reader.cc(340)] could not read dos header from C:\WINDOWS\System32\profapi.dll
[1130/113435.316:ERROR:process_memory_win.cc(73)] ReadMemory at 0x7ff9c2fe0000 of 64 bytes failed: Seule une partie d’une requête ReadProcessMemory ou WriteProcessMemory a été effectuée. (0x12B)
[1130/113435.316:WARNING:pe_image_reader.cc(340)] could not read dos header from C:\WINDOWS\SYSTEM32\DWrite.dll
[1130/113435.316:ERROR:process_memory_win.cc(73)] ReadMemory at 0x7ff9c5350000 of 64 bytes failed: Seule une partie d’une requête ReadProcessMemory ou WriteProcessMemory a été effectuée. (0x12B)
[1130/113435.316:WARNING:pe_image_reader.cc(340)] could not read dos header from C:\WINDOWS\SYSTEM32\WINSPOOL.DRV
[1130/113435.316:ERROR:process_memory_win.cc(73)] ReadMemory at 0x7ff9d42e0000 of 64 bytes failed: Seule une partie d’une requête ReadProcessMemory ou WriteProcessMemory a été effectuée. (0x12B)
[1130/113435.316:WARNING:pe_image_reader.cc(340)] could not read dos header from C:\WINDOWS\System32\kernel.appcore.dll
[1130/113435.316:ERROR:process_memory_win.cc(73)] ReadMemory at 0x7ff9d4d90000 of 64 bytes failed: Seule une partie d’une requête ReadProcessMemory ou WriteProcessMemory a été effectuée. (0x12B)
[1130/113435.316:WARNING:pe_image_reader.cc(340)] could not read dos header from C:\WINDOWS\System32\bcrypt.dll
[1130/113435.316:ERROR:process_memory_win.cc(73)] ReadMemory at 0x7ff9c60a0000 of 64 bytes failed: Seule une partie d’une requête ReadProcessMemory ou WriteProcessMemory a été effectuée. (0x12B)
[1130/113435.316:WARNING:pe_image_reader.cc(340)] could not read dos header from C:\WINDOWS\SYSTEM32\WINHTTP.dll
[1130/113435.316:ERROR:process_memory_win.cc(73)] ReadMemory at 0x7ff9ca660000 of 64 bytes failed: Seule une partie d’une requête ReadProcessMemory ou WriteProcessMemory a été effectuée. (0x12B)
[1130/113435.316:WARNING:pe_image_reader.cc(340)] could not read dos header from C:\WINDOWS\SYSTEM32\dhcpcsvc.DLL
[1130/113435.316:ERROR:process_memory_win.cc(73)] ReadMemory at 0x7ff9d6cc0000 of 64 bytes failed: Seule une partie d’une requête ReadProcessMemory ou WriteProcessMemory a été effectuée. (0x12B)
[1130/113435.316:WARNING:pe_image_reader.cc(340)] could not read dos header from C:\WINDOWS\System32\NSI.dll
[1130/113435.316:ERROR:process_memory_win.cc(73)] ReadMemory at 0x7ff9d1ac0000 of 64 bytes failed: Seule une partie d’une requête ReadProcessMemory ou WriteProcessMemory a été effectuée. (0x12B)
[1130/113435.316:WARNING:pe_image_reader.cc(340)] could not read dos header from C:\WINDOWS\SYSTEM32\WINMMBASE.dll
[1130/113435.317:ERROR:process_memory_win.cc(73)] ReadMemory at 0x7ff9d5170000 of 64 bytes failed: Seule une partie d’une requête ReadProcessMemory ou WriteProcessMemory a été effectuée. (0x12B)
[1130/113435.317:WARNING:pe_image_reader.cc(340)] could not read dos header from C:\WINDOWS\System32\cfgmgr32.dll
[1130/113435.317:ERROR:process_memory_win.cc(73)] ReadMemory at 0x7ff9d2500000 of 64 bytes failed: Seule une partie d’une requête ReadProcessMemory ou WriteProcessMemory a été effectuée. (0x12B)
[1130/113435.317:WARNING:pe_image_reader.cc(340)] could not read dos header from C:\WINDOWS\SYSTEM32\PROPSYS.dll
[1130/113435.317:ERROR:process_memory_win.cc(73)] ReadMemory at 0x7ff9d5e70000 of 64 bytes failed: Seule une partie d’une requête ReadProcessMemory ou WriteProcessMemory a été effectuée. (0x12B)
[1130/113435.317:WARNING:pe_image_reader.cc(340)] could not read dos header from C:\WINDOWS\System32\shcore.dll
[1130/113435.317:ERROR:process_memory_win.cc(73)] ReadMemory at 0x7ff9d41c0000 of 64 bytes failed: Seule une partie d’une requête ReadProcessMemory ou WriteProcessMemory a été effectuée. (0x12B)
[1130/113435.317:WARNING:pe_image_reader.cc(340)] could not read dos header from C:\WINDOWS\SYSTEM32\SSPICLI.DLL
[1130/113435.317:ERROR:process_memory_win.cc(73)] ReadMemory at 0x7ff9d6cd0000 of 64 bytes failed: Seule une partie d’une requête ReadProcessMemory ou WriteProcessMemory a été effectuée. (0x12B)
[1130/113435.317:WARNING:pe_image_reader.cc(340)] could not read dos header from C:\WINDOWS\System32\SHELL32.dll
[1130/113435.317:ERROR:process_memory_win.cc(73)] ReadMemory at 0x7ff9d4580000 of 64 bytes failed: Seule une partie d’une requête ReadProcessMemory ou WriteProcessMemory a été effectuée. (0x12B)
[1130/113435.317:WARNING:pe_image_reader.cc(340)] could not read dos header from C:\WINDOWS\System32\windows.storage.dll
[1130/113435.317:ERROR:process_memory_win.cc(73)] ReadMemory at 0x7ff9d4330000 of 64 bytes failed: Seule une partie d’une requête ReadProcessMemory ou WriteProcessMemory a été effectuée. (0x12B)
[1130/113435.317:WARNING:pe_image_reader.cc(340)] could not read dos header from C:\WINDOWS\System32\powrprof.dll
[1130/113435.317:ERROR:process_memory_win.cc(73)] ReadMemory at 0x7ff9d42b0000 of 64 bytes failed: Seule une partie d’une requête ReadProcessMemory ou WriteProcessMemory a été effectuée. (0x12B)
[1130/113435.317:WARNING:pe_image_reader.cc(340)] could not read dos header from C:\WINDOWS\System32\UMPDC.dll
[1130/113435.317:ERROR:process_memory_win.cc(73)] ReadMemory at 0x7ff9d5c70000 of 64 bytes failed: Seule une partie d’une requête ReadProcessMemory ou WriteProcessMemory a été effectuée. (0x12B)
[1130/113435.317:WARNING:pe_image_reader.cc(340)] could not read dos header from C:\WINDOWS\System32\shlwapi.dll
[1130/113435.317:ERROR:process_memory_win.cc(73)] ReadMemory at 0x7ff9d5ce0000 of 64 bytes failed: Seule une partie d’une requête ReadProcessMemory ou WriteProcessMemory a été effectuée. (0x12B)
[1130/113435.317:WARNING:pe_image_reader.cc(340)] could not read dos header from C:\WINDOWS\System32\GDI32.dll
[1130/113435.317:ERROR:process_memory_win.cc(73)] ReadMemory at 0x7ff9d44d0000 of 64 bytes failed: Seule une partie d’une requête ReadProcessMemory ou WriteProcessMemory a été effectuée. (0x12B)
[1130/113435.317:WARNING:pe_image_reader.cc(340)] could not read dos header from C:\WINDOWS\System32\win32u.dll
[1130/113435.317:ERROR:process_memory_win.cc(73)] ReadMemory at 0x7ff9d5310000 of 64 bytes failed: Seule une partie d’une requête ReadProcessMemory ou WriteProcessMemory a été effectuée. (0x12B)
[1130/113435.317:WARNING:pe_image_reader.cc(340)] could not read dos header from C:\WINDOWS\System32\gdi32full.dll
[1130/113435.317:ERROR:process_memory_win.cc(73)] ReadMemory at 0x7ff9d5f80000 of 64 bytes failed: Seule une partie d’une requête ReadProcessMemory ou WriteProcessMemory a été effectuée. (0x12B)
[1130/113435.317:WARNING:pe_image_reader.cc(340)] could not read dos header from C:\WINDOWS\System32\USER32.dll
[1130/113435.317:ERROR:process_memory_win.cc(73)] ReadMemory at 0x7ff9d4500000 of 64 bytes failed: Seule une partie d’une requête ReadProcessMemory ou WriteProcessMemory a été effectuée. (0x12B)
[1130/113435.317:WARNING:pe_image_reader.cc(340)] could not read dos header from C:\WINDOWS\System32\cryptsp.dll
[1130/113435.318:ERROR:process_memory_win.cc(73)] ReadMemory at 0x7ff9d63f0000 of 64 bytes failed: Seule une partie d’une requête ReadProcessMemory ou WriteProcessMemory a été effectuée. (0x12B)
[1130/113435.318:WARNING:pe_image_reader.cc(340)] could not read dos header from C:\WINDOWS\System32\IMM32.DLL
[1130/113435.318:ERROR:process_memory_win.cc(73)] ReadMemory at 0x7ff9d3c70000 of 64 bytes failed: Seule une partie d’une requête ReadProcessMemory ou WriteProcessMemory a été effectuée. (0x12B)
[1130/113435.318:WARNING:pe_image_reader.cc(340)] could not read dos header from C:\WINDOWS\SYSTEM32\CRYPTBASE.DLL
[1130/113435.318:ERROR:process_memory_win.cc(73)] ReadMemory at 0x7ff7db430000 of 64 bytes failed: Seule une partie d’une requête ReadProcessMemory ou WriteProcessMemory a été effectuée. (0x12B)
[1130/113435.318:WARNING:pe_image_reader.cc(340)] could not read dos header from C:\Program Files\Google\Chrome\Application\chrome.exe
[1130/113435.318:ERROR:process_memory_win.cc(73)] ReadMemory at 0x7ff9d7400000 of 64 bytes failed: Seule une partie d’une requête ReadProcessMemory ou WriteProcessMemory a été effectuée. (0x12B)
[1130/113435.318:WARNING:pe_image_reader.cc(340)] could not read dos header from C:\WINDOWS\SYSTEM32\ntdll.dll
[1130/113435.318:ERROR:process_memory_win.cc(73)] ReadMemory at 0x7ff9d6be0000 of 64 bytes failed: Seule une partie d’une requête ReadProcessMemory ou WriteProcessMemory a été effectuée. (0x12B)
[1130/113435.318:WARNING:pe_image_reader.cc(340)] could not read dos header from C:\WINDOWS\System32\KERNEL32.DLL
[1130/113435.318:ERROR:process_memory_win.cc(73)] ReadMemory at 0x7ff9d4ec0000 of 64 bytes failed: Seule une partie d’une requête ReadProcessMemory ou WriteProcessMemory a été effectuée. (0x12B)
[1130/113435.318:WARNING:pe_image_reader.cc(340)] could not read dos header from C:\WINDOWS\System32\KERNELBASE.dll
[1130/113435.318:ERROR:process_memory_win.cc(73)] ReadMemory at 0x7ff9c00e0000 of 64 bytes failed: Seule une partie d’une requête ReadProcessMemory ou WriteProcessMemory a été effectuée. (0x12B)
[1130/113435.318:WARNING:pe_image_reader.cc(340)] could not read dos header from C:\Program Files\Google\Chrome\Application\86.0.4240.198\chrome_elf.dll
[1130/113435.318:ERROR:process_memory_win.cc(73)] ReadMemory at 0x7ff9cb600000 of 64 bytes failed: Seule une partie d’une requête ReadProcessMemory ou WriteProcessMemory a été effectuée. (0x12B)
[1130/113435.318:WARNING:pe_image_reader.cc(340)] could not read dos header from C:\WINDOWS\SYSTEM32\VERSION.dll
[1130/113435.318:ERROR:process_memory_win.cc(73)] ReadMemory at 0x7ff9d64a0000 of 64 bytes failed: Seule une partie d’une requête ReadProcessMemory ou WriteProcessMemory a été effectuée. (0x12B)
[1130/113435.318:WARNING:pe_image_reader.cc(340)] could not read dos header from C:\WINDOWS\System32\msvcrt.dll
[1130/113435.318:ERROR:process_memory_win.cc(73)] ReadMemory at 0x7ff9d4d10000 of 64 bytes failed: Seule une partie d’une requête ReadProcessMemory ou WriteProcessMemory a été effectuée. (0x12B)
[1130/113435.318:WARNING:pe_image_reader.cc(340)] could not read dos header from C:\WINDOWS\System32\bcryptPrimitives.dll
[1130/113435.318:ERROR:process_memory_win.cc(73)] ReadMemory at 0x7ff9d6220000 of 64 bytes failed: Seule une partie d’une requête ReadProcessMemory ou WriteProcessMemory a été effectuée. (0x12B)
[1130/113435.318:WARNING:pe_image_reader.cc(340)] could not read dos header from C:\WINDOWS\System32\ADVAPI32.dll
[1130/113435.319:ERROR:process_memory_win.cc(73)] ReadMemory at 0x7ff9d6120000 of 64 bytes failed: Seule une partie d’une requête ReadProcessMemory ou WriteProcessMemory a été effectuée. (0x12B)
[1130/113435.319:WARNING:pe_image_reader.cc(340)] could not read dos header from C:\WINDOWS\System32\sechost.dll
[1130/113435.319:ERROR:process_memory_win.cc(73)] ReadMemory at 0x7ff9d62d0000 of 64 bytes failed: Seule une partie d’une requête ReadProcessMemory ou WriteProcessMemory a été effectuée. (0x12B)
[1130/113435.319:WARNING:pe_image_reader.cc(340)] could not read dos header from C:\WINDOWS\System32\RPCRT4.dll
[1130/113435.319:ERROR:process_memory_win.cc(73)] ReadMemory at 0x7ff960e50000 of 64 bytes failed: Seule une partie d’une requête ReadProcessMemory ou WriteProcessMemory a été effectuée. (0x12B)
[1130/113435.319:WARNING:pe_image_reader.cc(340)] could not read dos header from C:\Program Files\Google\Chrome\Application\86.0.4240.198\chrome.dll
[1130/113435.319:ERROR:process_memory_win.cc(73)] ReadMemory at 0x7ff9d6b00000 of 64 bytes failed: Seule une partie d’une requête ReadProcessMemory ou WriteProcessMemory a été effectuée. (0x12B)
[1130/113435.319:WARNING:pe_image_reader.cc(340)] could not read dos header from C:\WINDOWS\System32\WS2_32.dll
[1130/113435.319:ERROR:process_memory_win.cc(73)] ReadMemory at 0x7ff9d54b0000 of 64 bytes failed: Seule une partie d’une requête ReadProcessMemory ou WriteProcessMemory a été effectuée. (0x12B)
[1130/113435.319:WARNING:pe_image_reader.cc(340)] could not read dos header from C:\WINDOWS\System32\OLEAUT32.dll
[1130/113435.319:ERROR:process_memory_win.cc(73)] ReadMemory at 0x7ff9d51c0000 of 64 bytes failed: Seule une partie d’une requête ReadProcessMemory ou WriteProcessMemory a été effectuée. (0x12B)
[1130/113435.319:WARNING:pe_image_reader.cc(340)] could not read dos header from C:\WINDOWS\System32\msvcp_win.dll
[1130/113435.319:ERROR:process_memory_win.cc(73)] ReadMemory at 0x7ff9d4dc0000 of 64 bytes failed: Seule une partie d’une requête ReadProcessMemory ou WriteProcessMemory a été effectuée. (0x12B)
[1130/113435.319:WARNING:pe_image_reader.cc(340)] could not read dos header from C:\WINDOWS\System32\ucrtbase.dll
[1130/113435.319:ERROR:process_memory_win.cc(73)] ReadMemory at 0x7ff9d5930000 of 64 bytes failed: Seule une partie d’une requête ReadProcessMemory ou WriteProcessMemory a été effectuée. (0x12B)
[1130/113435.319:WARNING:pe_image_reader.cc(340)] could not read dos header from C:\WINDOWS\System32\combase.dll
[1130/113435.319:ERROR:process_memory_win.cc(73)] ReadMemory at 0x7ff9d4520000 of 64 bytes failed: Seule une partie d’une requête ReadProcessMemory ou WriteProcessMemory a été effectuée. (0x12B)
[1130/113435.319:WARNING:pe_image_reader.cc(340)] could not read dos header from C:\WINDOWS\System32\WINTRUST.dll
[1130/113435.319:ERROR:process_memory_win.cc(73)] ReadMemory at 0x7ff9d42c0000 of 64 bytes failed: Seule une partie d’une requête ReadProcessMemory ou WriteProcessMemory a été effectuée. (0x12B)
[1130/113435.319:WARNING:pe_image_reader.cc(340)] could not read dos header from C:\WINDOWS\System32\MSASN1.dll
[1130/113435.319:ERROR:process_memory_win.cc(73)] ReadMemory at 0x7ff9d4380000 of 64 bytes failed: Seule une partie d’une requête ReadProcessMemory ou WriteProcessMemory a été effectuée. (0x12B)
[1130/113435.319:WARNING:pe_image_reader.cc(340)] could not read dos header from C:\WINDOWS\System32\CRYPT32.dll
[1130/113435.319:ERROR:process_memory_win.cc(73)] ReadMemory at 0x7ff9d2b40000 of 64 bytes failed: Seule une partie d’une requête ReadProcessMemory ou WriteProcessMemory a été effectuée. (0x12B)
[1130/113435.319:WARNING:pe_image_reader.cc(340)] could not read dos header from C:\WINDOWS\SYSTEM32\dbghelp.dll
[1130/113435.319:ERROR:process_memory_win.cc(73)] ReadMemory at 0x7ff9d37b0000 of 64 bytes failed: Seule une partie d’une requête ReadProcessMemory ou WriteProcessMemory a été effectuée. (0x12B)
[1130/113435.319:WARNING:pe_image_reader.cc(340)] could not read dos header from C:\WINDOWS\SYSTEM32\IPHLPAPI.DLL
[1130/113435.319:ERROR:process_memory_win.cc(73)] ReadMemory at 0x7ff9d1af0000 of 64 bytes failed: Seule une partie d’une requête ReadProcessMemory ou WriteProcessMemory a été effectuée. (0x12B)
[1130/113435.320:WARNING:pe_image_reader.cc(340)] could not read dos header from C:\WINDOWS\SYSTEM32\WINMM.dll
[1130/113435.320:ERROR:process_memory_win.cc(73)] ReadMemory at 0x7ff9a9d80000 of 64 bytes failed: Seule une partie d’une requête ReadProcessMemory ou WriteProcessMemory a été effectuée. (0x12B)
[1130/113435.320:WARNING:pe_image_reader.cc(340)] could not read dos header from C:\WINDOWS\SYSTEM32\UIAutomationCore.DLL
[1130/113435.320:ERROR:process_memory_win.cc(73)] ReadMemory at 0x7ff9bda70000 of 64 bytes failed: Seule une partie d’une requête ReadProcessMemory ou WriteProcessMemory a été effectuée. (0x12B)
[1130/113435.320:WARNING:pe_image_reader.cc(340)] could not read dos header from C:\WINDOWS\SYSTEM32\Secur32.dll
[1130/113435.320:ERROR:process_memory_win.cc(73)] ReadMemory at 0x7ff9d4190000 of 64 bytes failed: Seule une partie d’une requête ReadProcessMemory ou WriteProcessMemory a été effectuée. (0x12B)
[1130/113435.320:WARNING:pe_image_reader.cc(340)] could not read dos header from C:\WINDOWS\SYSTEM32\USERENV.dll
[1130/113435.320:ERROR:process_memory_win.cc(73)] ReadMemory at 0x7ff9d4300000 of 64 bytes failed: Seule une partie d’une requête ReadProcessMemory ou WriteProcessMemory a été effectuée. (0x12B)
[1130/113435.320:WARNING:pe_image_reader.cc(340)] could not read dos header from C:\WINDOWS\System32\profapi.dll
[1130/113435.320:ERROR:process_memory_win.cc(73)] ReadMemory at 0x7ff9c2fe0000 of 64 bytes failed: Seule une partie d’une requête ReadProcessMemory ou WriteProcessMemory a été effectuée. (0x12B)
[1130/113435.320:WARNING:pe_image_reader.cc(340)] could not read dos header from C:\WINDOWS\SYSTEM32\DWrite.dll
[1130/113435.320:ERROR:process_memory_win.cc(73)] ReadMemory at 0x7ff9c5350000 of 64 bytes failed: Seule une partie d’une requête ReadProcessMemory ou WriteProcessMemory a été effectuée. (0x12B)
[1130/113435.320:WARNING:pe_image_reader.cc(340)] could not read dos header from C:\WINDOWS\SYSTEM32\WINSPOOL.DRV
[1130/113435.320:ERROR:process_memory_win.cc(73)] ReadMemory at 0x7ff9d42e0000 of 64 bytes failed: Seule une partie d’une requête ReadProcessMemory ou WriteProcessMemory a été effectuée. (0x12B)
[1130/113435.320:WARNING:pe_image_reader.cc(340)] could not read dos header from C:\WINDOWS\System32\kernel.appcore.dll
[1130/113435.320:ERROR:process_memory_win.cc(73)] ReadMemory at 0x7ff9d4d90000 of 64 bytes failed: Seule une partie d’une requête ReadProcessMemory ou WriteProcessMemory a été effectuée. (0x12B)
[1130/113435.320:WARNING:pe_image_reader.cc(340)] could not read dos header from C:\WINDOWS\System32\bcrypt.dll
[1130/113435.320:ERROR:process_memory_win.cc(73)] ReadMemory at 0x7ff9c60a0000 of 64 bytes failed: Seule une partie d’une requête ReadProcessMemory ou WriteProcessMemory a été effectuée. (0x12B)
[1130/113435.320:WARNING:pe_image_reader.cc(340)] could not read dos header from C:\WINDOWS\SYSTEM32\WINHTTP.dll
[1130/113435.320:ERROR:process_memory_win.cc(73)] ReadMemory at 0x7ff9ca660000 of 64 bytes failed: Seule une partie d’une requête ReadProcessMemory ou WriteProcessMemory a été effectuée. (0x12B)
[1130/113435.320:WARNING:pe_image_reader.cc(340)] could not read dos header from C:\WINDOWS\SYSTEM32\dhcpcsvc.DLL
[1130/113435.320:ERROR:process_memory_win.cc(73)] ReadMemory at 0x7ff9d6cc0000 of 64 bytes failed: Seule une partie d’une requête ReadProcessMemory ou WriteProcessMemory a été effectuée. (0x12B)
[1130/113435.320:WARNING:pe_image_reader.cc(340)] could not read dos header from C:\WINDOWS\System32\NSI.dll
[1130/113435.320:ERROR:process_memory_win.cc(73)] ReadMemory at 0x7ff9d1ac0000 of 64 bytes failed: Seule une partie d’une requête ReadProcessMemory ou WriteProcessMemory a été effectuée. (0x12B)
[1130/113435.320:WARNING:pe_image_reader.cc(340)] could not read dos header from C:\WINDOWS\SYSTEM32\WINMMBASE.dll
[1130/113435.320:ERROR:process_memory_win.cc(73)] ReadMemory at 0x7ff9d5170000 of 64 bytes failed: Seule une partie d’une requête ReadProcessMemory ou WriteProcessMemory a été effectuée. (0x12B)
[1130/113435.320:WARNING:pe_image_reader.cc(340)] could not read dos header from C:\WINDOWS\System32\cfgmgr32.dll
[1130/113435.321:ERROR:process_memory_win.cc(73)] ReadMemory at 0x7ff9d2500000 of 64 bytes failed: Seule une partie d’une requête ReadProcessMemory ou WriteProcessMemory a été effectuée. (0x12B)
[1130/113435.321:WARNING:pe_image_reader.cc(340)] could not read dos header from C:\WINDOWS\SYSTEM32\PROPSYS.dll
[1130/113435.321:ERROR:process_memory_win.cc(73)] ReadMemory at 0x7ff9d5e70000 of 64 bytes failed: Seule une partie d’une requête ReadProcessMemory ou WriteProcessMemory a été effectuée. (0x12B)
[1130/113435.321:WARNING:pe_image_reader.cc(340)] could not read dos header from C:\WINDOWS\System32\shcore.dll
[1130/113435.321:ERROR:process_memory_win.cc(73)] ReadMemory at 0x7ff9d41c0000 of 64 bytes failed: Seule une partie d’une requête ReadProcessMemory ou WriteProcessMemory a été effectuée. (0x12B)
[1130/113435.321:WARNING:pe_image_reader.cc(340)] could not read dos header from C:\WINDOWS\SYSTEM32\SSPICLI.DLL
[1130/113435.321:ERROR:process_memory_win.cc(73)] ReadMemory at 0x7ff9d6cd0000 of 64 bytes failed: Seule une partie d’une requête ReadProcessMemory ou WriteProcessMemory a été effectuée. (0x12B)
[1130/113435.321:WARNING:pe_image_reader.cc(340)] could not read dos header from C:\WINDOWS\System32\SHELL32.dll
[1130/113435.321:ERROR:process_memory_win.cc(73)] ReadMemory at 0x7ff9d4580000 of 64 bytes failed: Seule une partie d’une requête ReadProcessMemory ou WriteProcessMemory a été effectuée. (0x12B)
[1130/113435.321:WARNING:pe_image_reader.cc(340)] could not read dos header from C:\WINDOWS\System32\windows.storage.dll
[1130/113435.321:ERROR:process_memory_win.cc(73)] ReadMemory at 0x7ff9d4330000 of 64 bytes failed: Seule une partie d’une requête ReadProcessMemory ou WriteProcessMemory a été effectuée. (0x12B)
[1130/113435.321:WARNING:pe_image_reader.cc(340)] could not read dos header from C:\WINDOWS\System32\powrprof.dll
[1130/113435.321:ERROR:process_memory_win.cc(73)] ReadMemory at 0x7ff9d42b0000 of 64 bytes failed: Seule une partie d’une requête ReadProcessMemory ou WriteProcessMemory a été effectuée. (0x12B)
[1130/113435.321:WARNING:pe_image_reader.cc(340)] could not read dos header from C:\WINDOWS\System32\UMPDC.dll
[1130/113435.321:ERROR:process_memory_win.cc(73)] ReadMemory at 0x7ff9d5c70000 of 64 bytes failed: Seule une partie d’une requête ReadProcessMemory ou WriteProcessMemory a été effectuée. (0x12B)
[1130/113435.321:WARNING:pe_image_reader.cc(340)] could not read dos header from C:\WINDOWS\System32\shlwapi.dll
[1130/113435.321:ERROR:process_memory_win.cc(73)] ReadMemory at 0x7ff9d5ce0000 of 64 bytes failed: Seule une partie d’une requête ReadProcessMemory ou WriteProcessMemory a été effectuée. (0x12B)
[1130/113435.321:WARNING:pe_image_reader.cc(340)] could not read dos header from C:\WINDOWS\System32\GDI32.dll
[1130/113435.321:ERROR:process_memory_win.cc(73)] ReadMemory at 0x7ff9d44d0000 of 64 bytes failed: Seule une partie d’une requête ReadProcessMemory ou WriteProcessMemory a été effectuée. (0x12B)
[1130/113435.322:WARNING:pe_image_reader.cc(340)] could not read dos header from C:\WINDOWS\System32\win32u.dll
[1130/113435.322:ERROR:process_memory_win.cc(73)] ReadMemory at 0x7ff9d5310000 of 64 bytes failed: Seule une partie d’une requête ReadProcessMemory ou WriteProcessMemory a été effectuée. (0x12B)
[1130/113435.322:WARNING:pe_image_reader.cc(340)] could not read dos header from C:\WINDOWS\System32\gdi32full.dll
[1130/113435.322:ERROR:process_memory_win.cc(73)] ReadMemory at 0x7ff9d5f80000 of 64 bytes failed: Seule une partie d’une requête ReadProcessMemory ou WriteProcessMemory a été effectuée. (0x12B)
[1130/113435.322:WARNING:pe_image_reader.cc(340)] could not read dos header from C:\WINDOWS\System32\USER32.dll
[1130/113435.322:ERROR:process_memory_win.cc(73)] ReadMemory at 0x7ff9d4500000 of 64 bytes failed: Seule une partie d’une requête ReadProcessMemory ou WriteProcessMemory a été effectuée. (0x12B)
[1130/113435.322:WARNING:pe_image_reader.cc(340)] could not read dos header from C:\WINDOWS\System32\cryptsp.dll
[1130/113435.322:ERROR:process_memory_win.cc(73)] ReadMemory at 0x7ff9d63f0000 of 64 bytes failed: Seule une partie d’une requête ReadProcessMemory ou WriteProcessMemory a été effectuée. (0x12B)
[1130/113435.322:WARNING:pe_image_reader.cc(340)] could not read dos header from C:\WINDOWS\System32\IMM32.DLL
[1130/113435.322:ERROR:process_memory_win.cc(73)] ReadMemory at 0x7ff9d3c70000 of 64 bytes failed: Seule une partie d’une requête ReadProcessMemory ou WriteProcessMemory a été effectuée. (0x12B)
[1130/113435.322:WARNING:pe_image_reader.cc(340)] could not read dos header from C:\WINDOWS\SYSTEM32\CRYPTBASE.DLL
[1130/113435.339:ERROR:process_memory_win.cc(73)] ReadMemory at 0xecb21d6000 of 172032 bytes failed: Seule une partie d’une requête ReadProcessMemory ou WriteProcessMemory a été effectuée. (0x12B)
[1130/113435.340:ERROR:process_memory_win.cc(73)] ReadMemory at 0xecb29fe000 of 8192 bytes failed: Seule une partie d’une requête ReadProcessMemory ou WriteProcessMemory a été effectuée. (0x12B)
[1130/113435.340:ERROR:process_memory_win.cc(73)] ReadMemory at 0xecb31f5000 of 45056 bytes failed: Seule une partie d’une requête ReadProcessMemory ou WriteProcessMemory a été effectuée. (0x12B)
[1130/113435.341:ERROR:process_memory_win.cc(73)] ReadMemory at 0xecb39fe000 of 8192 bytes failed: Seule une partie d’une requête ReadProcessMemory ou WriteProcessMemory a été effectuée. (0x12B)
[1130/113435.341:ERROR:process_memory_win.cc(73)] ReadMemory at 0xecb41fd000 of 12288 bytes failed: Seule une partie d’une requête ReadProcessMemory ou WriteProcessMemory a été effectuée. (0x12B)
[1130/113435.341:ERROR:process_memory_win.cc(73)] ReadMemory at 0xecb51fe000 of 8192 bytes failed: Seule une partie d’une requête ReadProcessMemory ou WriteProcessMemory a été effectuée. (0x12B)
[1130/113435.341:ERROR:process_memory_win.cc(73)] ReadMemory at 0xecb59fe000 of 8192 bytes failed: Seule une partie d’une requête ReadProcessMemory ou WriteProcessMemory a été effectuée. (0x12B)
[1130/113435.341:ERROR:process_memory_win.cc(73)] ReadMemory at 0xecb61fd000 of 12288 bytes failed: Seule une partie d’une requête ReadProcessMemory ou WriteProcessMemory a été effectuée. (0x12B)
[1130/113435.342:ERROR:process_memory_win.cc(73)] ReadMemory at 0xecb71fc000 of 16384 bytes failed: Seule une partie d’une requête ReadProcessMemory ou WriteProcessMemory a été effectuée. (0x12B)
[1130/113435.342:ERROR:process_memory_win.cc(73)] ReadMemory at 0xecb79fc000 of 16384 bytes failed: Seule une partie d’une requête ReadProcessMemory ou WriteProcessMemory a été effectuée. (0x12B)
[1130/113435.342:ERROR:process_memory_win.cc(73)] ReadMemory at 0xecb81fc000 of 16384 bytes failed: Seule une partie d’une requête ReadProcessMemory ou WriteProcessMemory a été effectuée. (0x12B)
[1130/113435.342:ERROR:process_memory_win.cc(73)] ReadMemory at 0xecb89fc000 of 16384 bytes failed: Seule une partie d’une requête ReadProcessMemory ou WriteProcessMemory a été effectuée. (0x12B)
[1130/113435.342:ERROR:process_memory_win.cc(73)] ReadMemory at 0xecba9fd000 of 12288 bytes failed: Seule une partie d’une requête ReadProcessMemory ou WriteProcessMemory a été effectuée. (0x12B)
[1130/113435.342:ERROR:process_memory_win.cc(73)] ReadMemory at 0xecb69fe000 of 8192 bytes failed: Seule une partie d’une requête ReadProcessMemory ou WriteProcessMemory a été effectuée. (0x12B)
[1130/113435.343:ERROR:process_memory_win.cc(73)] ReadMemory at 0xecb49fc000 of 16384 bytes failed: Seule une partie d’une requête ReadProcessMemory ou WriteProcessMemory a été effectuée. (0x12B)
[1130/113435.343:ERROR:process_memory_win.cc(73)] ReadMemory at 0xecb91fc000 of 16384 bytes failed: Seule une partie d’une requête ReadProcessMemory ou WriteProcessMemory a été effectuée. (0x12B)
[1130/113435.343:ERROR:process_memory_win.cc(73)] ReadMemory at 0xecb99fe000 of 8192 bytes failed: Seule une partie d’une requête ReadProcessMemory ou WriteProcessMemory a été effectuée. (0x12B)
[1130/113435.343:ERROR:process_memory_win.cc(73)] ReadMemory at 0xecb187b000 of 852 bytes failed: Seule une partie d’une requête ReadProcessMemory ou WriteProcessMemory a été effectuée. (0x12B)
[1130/113435.344:ERROR:process_memory_win.cc(73)] ReadMemory at 0xecb187c000 of 6024 bytes failed: Seule une partie d’une requête ReadProcessMemory ou WriteProcessMemory a été effectuée. (0x12B)
[1130/113435.344:ERROR:process_memory_win.cc(73)] ReadMemory at 0xecb187e000 of 6024 bytes failed: Seule une partie d’une requête ReadProcessMemory ou WriteProcessMemory a été effectuée. (0x12B)
[1130/113435.344:ERROR:process_memory_win.cc(73)] ReadMemory at 0xecb1880000 of 6024 bytes failed: Seule une partie d’une requête ReadProcessMemory ou WriteProcessMemory a été effectuée. (0x12B)
[1130/113435.344:ERROR:process_memory_win.cc(73)] ReadMemory at 0xecb1882000 of 6024 bytes failed: Seule une partie d’une requête ReadProcessMemory ou WriteProcessMemory a été effectuée. (0x12B)
[1130/113435.344:ERROR:process_memory_win.cc(73)] ReadMemory at 0xecb1884000 of 6024 bytes failed: Seule une partie d’une requête ReadProcessMemory ou WriteProcessMemory a été effectuée. (0x12B)
[1130/113435.344:ERROR:process_memory_win.cc(73)] ReadMemory at 0xecb1888000 of 6024 bytes failed: Seule une partie d’une requête ReadProcessMemory ou WriteProcessMemory a été effectuée. (0x12B)
[1130/113435.345:ERROR:process_memory_win.cc(73)] ReadMemory at 0xecb188a000 of 6024 bytes failed: Seule une partie d’une requête ReadProcessMemory ou WriteProcessMemory a été effectuée. (0x12B)
[1130/113435.345:ERROR:process_memory_win.cc(73)] ReadMemory at 0xecb188c000 of 6024 bytes failed: Seule une partie d’une requête ReadProcessMemory ou WriteProcessMemory a été effectuée. (0x12B)
[1130/113435.345:ERROR:process_memory_win.cc(73)] ReadMemory at 0xecb1890000 of 6024 bytes failed: Seule une partie d’une requête ReadProcessMemory ou WriteProcessMemory a été effectuée. (0x12B)
[1130/113435.345:ERROR:process_memory_win.cc(73)] ReadMemory at 0xecb1892000 of 6024 bytes failed: Seule une partie d’une requête ReadProcessMemory ou WriteProcessMemory a été effectuée. (0x12B)
[1130/113435.345:ERROR:process_memory_win.cc(73)] ReadMemory at 0xecb1894000 of 6024 bytes failed: Seule une partie d’une requête ReadProcessMemory ou WriteProcessMemory a été effectuée. (0x12B)
[1130/113435.345:ERROR:process_memory_win.cc(73)] ReadMemory at 0xecb1896000 of 6024 bytes failed: Seule une partie d’une requête ReadProcessMemory ou WriteProcessMemory a été effectuée. (0x12B)
[1130/113435.346:ERROR:process_memory_win.cc(73)] ReadMemory at 0xecb189e000 of 6024 bytes failed: Seule une partie d’une requête ReadProcessMemory ou WriteProcessMemory a été effectuée. (0x12B)
[1130/113435.346:ERROR:process_memory_win.cc(73)] ReadMemory at 0xecb18a2000 of 6024 bytes failed: Seule une partie d’une requête ReadProcessMemory ou WriteProcessMemory a été effectuée. (0x12B)
[1130/113435.346:ERROR:process_memory_win.cc(73)] ReadMemory at 0xecb18a4000 of 6024 bytes failed: Seule une partie d’une requête ReadProcessMemory ou WriteProcessMemory a été effectuée. (0x12B)
[1130/113435.346:ERROR:process_memory_win.cc(73)] ReadMemory at 0xecb18a6000 of 6024 bytes failed: Seule une partie d’une requête ReadProcessMemory ou WriteProcessMemory a été effectuée. (0x12B)
[1130/113435.346:ERROR:process_memory_win.cc(73)] ReadMemory at 0xecb18a8000 of 6024 bytes failed: Seule une partie d’une requête ReadProcessMemory ou WriteProcessMemory a été effectuée. (0x12B)
[1130/113435.346:ERROR:process_memory_win.cc(73)] ReadMemory at 0x1f2a65c0fe0 of 10524 bytes failed: Seule une partie d’une requête ReadProcessMemory ou WriteProcessMemory a été effectuée. (0x12B)
[1130/113435.347:ERROR:process_memory_win.cc(73)] ReadMemory at 0x1f2a65c3910 of 1012 bytes failed: Seule une partie d’une requête ReadProcessMemory ou WriteProcessMemory a été effectuée. (0x12B)
[1130/113435.347:ERROR:process_memory_win.cc(73)] ReadMemory at 0x1f2a65c3f58 of 106 bytes failed: Seule une partie d’une requête ReadProcessMemory ou WriteProcessMemory a été effectuée. (0x12B)
[1130/113435.347:ERROR:process_memory_win.cc(73)] ReadMemory at 0x1f2a65c3fc4 of 1238 bytes failed: Seule une partie d’une requête ReadProcessMemory ou WriteProcessMemory a été effectuée. (0x12B)
[1130/113435.347:ERROR:process_memory_win.cc(73)] ReadMemory at 0x1f2a65c449c of 106 bytes failed: Seule une partie d’une requête ReadProcessMemory ou WriteProcessMemory a été effectuée. (0x12B)
[1130/113435.347:ERROR:process_memory_win.cc(73)] ReadMemory at 0x1f2a65c4508 of 94 bytes failed: Seule une partie d’une requête ReadProcessMemory ou WriteProcessMemory a été effectuée. (0x12B)
[1130/113435.347:ERROR:process_memory_win.cc(73)] ReadMemory at 0x1f2a65c4580 of 58 bytes failed: Seule une partie d’une requête ReadProcessMemory ou WriteProcessMemory a été effectuée. (0x12B)
[1130/113435.347:ERROR:process_memory_win.cc(73)] ReadMemory at 0x1f2a65c4680 of 132 bytes failed: Seule une partie d’une requête ReadProcessMemory ou WriteProcessMemory a été effectuée. (0x12B)
[1130/113435.348:ERROR:process_memory_win.cc(73)] ReadMemory at 0x1f2a65c4810 of 132 bytes failed: Seule une partie d’une requête ReadProcessMemory ou WriteProcessMemory a été effectuée. (0x12B)
[1130/113435.348:ERROR:process_memory_win.cc(73)] ReadMemory at 0x1f2a65c49d0 of 114 bytes failed: Seule une partie d’une requête ReadProcessMemory ou WriteProcessMemory a été effectuée. (0x12B)
[1130/113435.348:ERROR:process_memory_win.cc(73)] ReadMemory at 0x1f2a65c4ed0 of 132 bytes failed: Seule une partie d’une requête ReadProcessMemory ou WriteProcessMemory a été effectuée. (0x12B)
[1130/113435.348:ERROR:process_memory_win.cc(73)] ReadMemory at 0x1f2a65c5060 of 64 bytes failed: Seule une partie d’une requête ReadProcessMemory ou WriteProcessMemory a été effectuée. (0x12B)
[1130/113435.348:ERROR:process_memory_win.cc(73)] ReadMemory at 0x1f2a65c5210 of 132 bytes failed: Seule une partie d’une requête ReadProcessMemory ou WriteProcessMemory a été effectuée. (0x12B)
[1130/113435.348:ERROR:process_memory_win.cc(73)] ReadMemory at 0x1f2a65c54c0 of 132 bytes failed: Seule une partie d’une requête ReadProcessMemory ou WriteProcessMemory a été effectuée. (0x12B)
[1130/113435.348:ERROR:process_memory_win.cc(73)] ReadMemory at 0x1f2a65c5650 of 68 bytes failed: Seule une partie d’une requête ReadProcessMemory ou WriteProcessMemory a été effectuée. (0x12B)
[1130/113435.349:ERROR:process_memory_win.cc(73)] ReadMemory at 0x1f2a65c6810 of 132 bytes failed: Seule une partie d’une requête ReadProcessMemory ou WriteProcessMemory a été effectuée. (0x12B)
[1130/113435.349:ERROR:process_memory_win.cc(73)] ReadMemory at 0x1f2a65c6940 of 142 bytes failed: Seule une partie d’une requête ReadProcessMemory ou WriteProcessMemory a été effectuée. (0x12B)
[1130/113435.349:ERROR:process_memory_win.cc(73)] ReadMemory at 0x1f2a65c7030 of 62 bytes failed: Seule une partie d’une requête ReadProcessMemory ou WriteProcessMemory a été effectuée. (0x12B)
[1130/113435.349:ERROR:process_memory_win.cc(73)] ReadMemory at 0x1f2a65c9b30 of 132 bytes failed: Seule une partie d’une requête ReadProcessMemory ou WriteProcessMemory a été effectuée. (0x12B)
[1130/113435.349:ERROR:process_memory_win.cc(73)] ReadMemory at 0x1f2a65c9cc0 of 60 bytes failed: Seule une partie d’une requête ReadProcessMemory ou WriteProcessMemory a été effectuée. (0x12B)
[1130/113435.349:ERROR:process_memory_win.cc(73)] ReadMemory at 0x1f2a65d34a0 of 80 bytes failed: Seule une partie d’une requête ReadProcessMemory ou WriteProcessMemory a été effectuée. (0x12B)
[1130/113435.349:ERROR:process_memory_win.cc(73)] ReadMemory at 0x1f2a65d66b0 of 132 bytes failed: Seule une partie d’une requête ReadProcessMemory ou WriteProcessMemory a été effectuée. (0x12B)
[1130/113435.350:ERROR:process_memory_win.cc(73)] ReadMemory at 0x1f2a65d67e0 of 132 bytes failed: Seule une partie d’une requête ReadProcessMemory ou WriteProcessMemory a été effectuée. (0x12B)
[1130/113435.350:ERROR:process_memory_win.cc(73)] ReadMemory at 0x1f2a65d73b0 of 132 bytes failed: Seule une partie d’une requête ReadProcessMemory ou WriteProcessMemory a été effectuée. (0x12B)
[1130/113435.350:ERROR:process_memory_win.cc(73)] ReadMemory at 0x1f2a65d7520 of 132 bytes failed: Seule une partie d’une requête ReadProcessMemory ou WriteProcessMemory a été effectuée. (0x12B)
[1130/113435.350:ERROR:process_memory_win.cc(73)] ReadMemory at 0x1f2a65d76a0 of 132 bytes failed: Seule une partie d’une requête ReadProcessMemory ou WriteProcessMemory a été effectuée. (0x12B)
[1130/113435.350:ERROR:process_memory_win.cc(73)] ReadMemory at 0x1f2a65d77d0 of 132 bytes failed: Seule une partie d’une requête ReadProcessMemory ou WriteProcessMemory a été effectuée. (0x12B)
[1130/113435.350:ERROR:process_memory_win.cc(73)] ReadMemory at 0x1f2a65d7900 of 132 bytes failed: Seule une partie d’une requête ReadProcessMemory ou WriteProcessMemory a été effectuée. (0x12B)
[1130/113435.350:ERROR:process_memory_win.cc(73)] ReadMemory at 0x1f2a65d7a30 of 132 bytes failed: Seule une partie d’une requête ReadProcessMemory ou WriteProcessMemory a été effectuée. (0x12B)
[1130/113435.350:ERROR:process_memory_win.cc(73)] ReadMemory at 0x1f2a65d7b60 of 132 bytes failed: Seule une partie d’une requête ReadProcessMemory ou WriteProcessMemory a été effectuée. (0x12B)
[1130/113435.351:ERROR:process_memory_win.cc(73)] ReadMemory at 0x1f2a65d7c90 of 132 bytes failed: Seule une partie d’une requête ReadProcessMemory ou WriteProcessMemory a été effectuée. (0x12B)
[1130/113435.351:ERROR:process_memory_win.cc(73)] ReadMemory at 0x1f2a65d7dc0 of 132 bytes failed: Seule une partie d’une requête ReadProcessMemory ou WriteProcessMemory a été effectuée. (0x12B)
[1130/113435.351:ERROR:process_memory_win.cc(73)] ReadMemory at 0x1f2a65d7ef0 of 132 bytes failed: Seule une partie d’une requête ReadProcessMemory ou WriteProcessMemory a été effectuée. (0x12B)
[1130/113435.351:ERROR:process_memory_win.cc(73)] ReadMemory at 0x1f2a65d8020 of 132 bytes failed: Seule une partie d’une requête ReadProcessMemory ou WriteProcessMemory a été effectuée. (0x12B)
[1130/113435.351:ERROR:process_memory_win.cc(73)] ReadMemory at 0x1f2a65d8150 of 132 bytes failed: Seule une partie d’une requête ReadProcessMemory ou WriteProcessMemory a été effectuée. (0x12B)
[1130/113435.351:ERROR:process_memory_win.cc(73)] ReadMemory at 0x1f2a65d8280 of 132 bytes failed: Seule une partie d’une requête ReadProcessMemory ou WriteProcessMemory a été effectuée. (0x12B)
[1130/113435.352:ERROR:process_memory_win.cc(73)] ReadMemory at 0x1f2a65d83b0 of 132 bytes failed: Seule une partie d’une requête ReadProcessMemory ou WriteProcessMemory a été effectuée. (0x12B)
[1130/113435.352:ERROR:process_memory_win.cc(73)] ReadMemory at 0x1f2a65dda70 of 54 bytes failed: Seule une partie d’une requête ReadProcessMemory ou WriteProcessMemory a été effectuée. (0x12B)
[1130/113435.352:ERROR:process_memory_win.cc(73)] ReadMemory at 0x1f2a65de810 of 60 bytes failed: Seule une partie d’une requête ReadProcessMemory ou WriteProcessMemory a été effectuée. (0x12B)
[1130/113435.352:ERROR:process_memory_win.cc(73)] ReadMemory at 0x1f2a65de900 of 66 bytes failed: Seule une partie d’une requête ReadProcessMemory ou WriteProcessMemory a été effectuée. (0x12B)
[1130/113435.352:ERROR:process_memory_win.cc(73)] ReadMemory at 0x1f2a65de950 of 64 bytes failed: Seule une partie d’une requête ReadProcessMemory ou WriteProcessMemory a été effectuée. (0x12B)
[1130/113435.352:ERROR:process_memory_win.cc(73)] ReadMemory at 0x1f2a65de9a0 of 60 bytes failed: Seule une partie d’une requête ReadProcessMemory ou WriteProcessMemory a été effectuée. (0x12B)
[1130/113435.352:ERROR:process_memory_win.cc(73)] ReadMemory at 0x1f2a65deae0 of 64 bytes failed: Seule une partie d’une requête ReadProcessMemory ou WriteProcessMemory a été effectuée. (0x12B)
[1130/113435.352:ERROR:process_memory_win.cc(73)] ReadMemory at 0x1f2a65deb80 of 62 bytes failed: Seule une partie d’une requête ReadProcessMemory ou WriteProcessMemory a été effectuée. (0x12B)
[1130/113435.353:ERROR:process_memory_win.cc(73)] ReadMemory at 0x1f2a65debd0 of 60 bytes failed: Seule une partie d’une requête ReadProcessMemory ou WriteProcessMemory a été effectuée. (0x12B)
[1130/113435.353:ERROR:process_memory_win.cc(73)] ReadMemory at 0x1f2a65ded10 of 62 bytes failed: Seule une partie d’une requête ReadProcessMemory ou WriteProcessMemory a été effectuée. (0x12B)
[1130/113435.353:ERROR:process_memory_win.cc(73)] ReadMemory at 0x1f2a65dee50 of 60 bytes failed: Seule une partie d’une requête ReadProcessMemory ou WriteProcessMemory a été effectuée. (0x12B)
[1130/113435.353:ERROR:process_memory_win.cc(73)] ReadMemory at 0x1f2a65deea0 of 64 bytes failed: Seule une partie d’une requête ReadProcessMemory ou WriteProcessMemory a été effectuée. (0x12B)
[1130/113435.353:ERROR:process_memory_win.cc(73)] ReadMemory at 0x1f2a65def40 of 64 bytes failed: Seule une partie d’une requête ReadProcessMemory ou WriteProcessMemory a été effectuée. (0x12B)
[1130/113435.353:ERROR:process_memory_win.cc(73)] ReadMemory at 0x1f2a65def90 of 62 bytes failed: Seule une partie d’une requête ReadProcessMemory ou WriteProcessMemory a été effectuée. (0x12B)
[1130/113435.353:ERROR:process_memory_win.cc(73)] ReadMemory at 0x1f2a65df080 of 62 bytes failed: Seule une partie d’une requête ReadProcessMemory ou WriteProcessMemory a été effectuée. (0x12B)
[1130/113435.354:ERROR:process_memory_win.cc(73)] ReadMemory at 0x1f2a65df170 of 64 bytes failed: Seule une partie d’une requête ReadProcessMemory ou WriteProcessMemory a été effectuée. (0x12B)
[1130/113435.354:ERROR:process_memory_win.cc(73)] ReadMemory at 0x1f2a65df1c0 of 62 bytes failed: Seule une partie d’une requête ReadProcessMemory ou WriteProcessMemory a été effectuée. (0x12B)
[1130/113435.354:ERROR:process_memory_win.cc(73)] ReadMemory at 0x1f2a65df210 of 62 bytes failed: Seule une partie d’une requête ReadProcessMemory ou WriteProcessMemory a été effectuée. (0x12B)
[1130/113435.354:ERROR:process_memory_win.cc(73)] ReadMemory at 0x1f2a65df260 of 62 bytes failed: Seule une partie d’une requête ReadProcessMemory ou WriteProcessMemory a été effectuée. (0x12B)
[1130/113435.354:ERROR:process_memory_win.cc(73)] ReadMemory at 0x1f2a65df350 of 58 bytes failed: Seule une partie d’une requête ReadProcessMemory ou WriteProcessMemory a été effectuée. (0x12B)
[1130/113435.354:ERROR:process_memory_win.cc(73)] ReadMemory at 0x1f2a65df3a0 of 64 bytes failed: Seule une partie d’une requête ReadProcessMemory ou WriteProcessMemory a été effectuée. (0x12B)
[1130/113435.355:ERROR:process_memory_win.cc(73)] ReadMemory at 0x1f2a65df440 of 66 bytes failed: Seule une partie d’une requête ReadProcessMemory ou WriteProcessMemory a été effectuée. (0x12B)
[1130/113435.355:ERROR:process_memory_win.cc(73)] ReadMemory at 0x1f2a65df4e0 of 60 bytes failed: Seule une partie d’une requête ReadProcessMemory ou WriteProcessMemory a été effectuée. (0x12B)
[1130/113435.355:ERROR:process_memory_win.cc(73)] ReadMemory at 0x1f2a65df530 of 60 bytes failed: Seule une partie d’une requête ReadProcessMemory ou WriteProcessMemory a été effectuée. (0x12B)
[1130/113435.355:ERROR:process_memory_win.cc(73)] ReadMemory at 0x1f2a65df580 of 62 bytes failed: Seule une partie d’une requête ReadProcessMemory ou WriteProcessMemory a été effectuée. (0x12B)
[1130/113435.355:ERROR:process_memory_win.cc(73)] ReadMemory at 0x1f2a65df5d0 of 62 bytes failed: Seule une partie d’une requête ReadProcessMemory ou WriteProcessMemory a été effectuée. (0x12B)
[1130/113435.355:ERROR:process_memory_win.cc(73)] ReadMemory at 0x1f2a65df620 of 62 bytes failed: Seule une partie d’une requête ReadProcessMemory ou WriteProcessMemory a été effectuée. (0x12B)
[1130/113435.355:ERROR:process_memory_win.cc(73)] ReadMemory at 0x1f2a65df670 of 64 bytes failed: Seule une partie d’une requête ReadProcessMemory ou WriteProcessMemory a été effectuée. (0x12B)
[1130/113435.355:ERROR:process_memory_win.cc(73)] ReadMemory at 0x1f2a65df6c0 of 64 bytes failed: Seule une partie d’une requête ReadProcessMemory ou WriteProcessMemory a été effectuée. (0x12B)
[1130/113435.356:ERROR:process_memory_win.cc(73)] ReadMemory at 0x1f2a65df9b0 of 134 bytes failed: Seule une partie d’une requête ReadProcessMemory ou WriteProcessMemory a été effectuée. (0x12B)
[1130/113435.356:ERROR:process_memory_win.cc(73)] ReadMemory at 0x1f2a65e08d0 of 132 bytes failed: Seule une partie d’une requête ReadProcessMemory ou WriteProcessMemory a été effectuée. (0x12B)
[1130/113435.356:ERROR:process_memory_win.cc(73)] ReadMemory at 0x1f2a65e6370 of 132 bytes failed: Seule une partie d’une requête ReadProcessMemory ou WriteProcessMemory a été effectuée. (0x12B)
[1130/113435.356:ERROR:process_memory_win.cc(73)] ReadMemory at 0x1f2a65e6580 of 132 bytes failed: Seule une partie d’une requête ReadProcessMemory ou WriteProcessMemory a été effectuée. (0x12B)
[1130/113435.356:ERROR:process_memory_win.cc(73)] ReadMemory at 0x1f2a65e68a0 of 132 bytes failed: Seule une partie d’une requête ReadProcessMemory ou WriteProcessMemory a été effectuée. (0x12B)
[1130/113435.356:ERROR:process_memory_win.cc(73)] ReadMemory at 0x1f2a65e6ac0 of 132 bytes failed: Seule une partie d’une requête ReadProcessMemory ou WriteProcessMemory a été effectuée. (0x12B)
[1130/113435.356:ERROR:process_memory_win.cc(73)] ReadMemory at 0x1f2a65e6e20 of 132 bytes failed: Seule une partie d’une requête ReadProcessMemory ou WriteProcessMemory a été effectuée. (0x12B)
[1130/113435.356:ERROR:process_memory_win.cc(73)] ReadMemory at 0x1f2a65e7080 of 132 bytes failed: Seule une partie d’une requête ReadProcessMemory ou WriteProcessMemory a été effectuée. (0x12B)
[1130/113435.357:ERROR:process_memory_win.cc(73)] ReadMemory at 0x1f2a65e71b0 of 132 bytes failed: Seule une partie d’une requête ReadProcessMemory ou WriteProcessMemory a été effectuée. (0x12B)
[1130/113435.357:ERROR:process_memory_win.cc(73)] ReadMemory at 0x1f2a65e72e0 of 132 bytes failed: Seule une partie d’une requête ReadProcessMemory ou WriteProcessMemory a été effectuée. (0x12B)
[1130/113435.357:ERROR:process_memory_win.cc(73)] ReadMemory at 0x1f2a65e7670 of 132 bytes failed: Seule une partie d’une requête ReadProcessMemory ou WriteProcessMemory a été effectuée. (0x12B)
[1130/113435.357:ERROR:process_memory_win.cc(73)] ReadMemory at 0x1f2a65e77a0 of 132 bytes failed: Seule une partie d’une requête ReadProcessMemory ou WriteProcessMemory a été effectuée. (0x12B)
[1130/113435.357:ERROR:process_memory_win.cc(73)] ReadMemory at 0x1f2a65e78d0 of 132 bytes failed: Seule une partie d’une requête ReadProcessMemory ou WriteProcessMemory a été effectuée. (0x12B)
[1130/113435.357:ERROR:process_memory_win.cc(73)] ReadMemory at 0x1f2a65e7a00 of 132 bytes failed: Seule une partie d’une requête ReadProcessMemory ou WriteProcessMemory a été effectuée. (0x12B)
[1130/113435.357:ERROR:process_memory_win.cc(73)] ReadMemory at 0x1f2a65e7b30 of 132 bytes failed: Seule une partie d’une requête ReadProcessMemory ou WriteProcessMemory a été effectuée. (0x12B)
[1130/113435.357:ERROR:process_memory_win.cc(73)] ReadMemory at 0x1f2a65e7c60 of 132 bytes failed: Seule une partie d’une requête ReadProcessMemory ou WriteProcessMemory a été effectuée. (0x12B)
[1130/113435.357:ERROR:process_memory_win.cc(73)] ReadMemory at 0x1f2a65e7d90 of 132 bytes failed: Seule une partie d’une requête ReadProcessMemory ou WriteProcessMemory a été effectuée. (0x12B)
[1130/113435.358:ERROR:process_memory_win.cc(73)] ReadMemory at 0x1f2a65e7ec0 of 132 bytes failed: Seule une partie d’une requête ReadProcessMemory ou WriteProcessMemory a été effectuée. (0x12B)
[1130/113435.358:ERROR:process_memory_win.cc(73)] ReadMemory at 0x1f2a65e7ff0 of 132 bytes failed: Seule une partie d’une requête ReadProcessMemory ou WriteProcessMemory a été effectuée. (0x12B)
[1130/113435.358:ERROR:process_memory_win.cc(73)] ReadMemory at 0x1f2a65e8120 of 132 bytes failed: Seule une partie d’une requête ReadProcessMemory ou WriteProcessMemory a été effectuée. (0x12B)
[1130/113435.358:ERROR:process_memory_win.cc(73)] ReadMemory at 0x1f2a65e8250 of 132 bytes failed: Seule une partie d’une requête ReadProcessMemory ou WriteProcessMemory a été effectuée. (0x12B)
[1130/113435.358:ERROR:process_memory_win.cc(73)] ReadMemory at 0x1f2a65e8380 of 132 bytes failed: Seule une partie d’une requête ReadProcessMemory ou WriteProcessMemory a été effectuée. (0x12B)
[1130/113435.358:ERROR:process_memory_win.cc(73)] ReadMemory at 0x1f2a65e84b0 of 132 bytes failed: Seule une partie d’une requête ReadProcessMemory ou WriteProcessMemory a été effectuée. (0x12B)
[1130/113435.359:ERROR:process_memory_win.cc(73)] ReadMemory at 0x1f2a65e85e0 of 132 bytes failed: Seule une partie d’une requête ReadProcessMemory ou WriteProcessMemory a été effectuée. (0x12B)
[1130/113435.359:ERROR:process_memory_win.cc(73)] ReadMemory at 0x1f2a65e8710 of 132 bytes failed: Seule une partie d’une requête ReadProcessMemory ou WriteProcessMemory a été effectuée. (0x12B)
[1130/113435.359:ERROR:process_memory_win.cc(73)] ReadMemory at 0x1f2a65e8840 of 132 bytes failed: Seule une partie d’une requête ReadProcessMemory ou WriteProcessMemory a été effectuée. (0x12B)
[1130/113435.359:ERROR:process_memory_win.cc(73)] ReadMemory at 0x1f2a65e8970 of 132 bytes failed: Seule une partie d’une requête ReadProcessMemory ou WriteProcessMemory a été effectuée. (0x12B)
[1130/113435.359:ERROR:process_memory_win.cc(73)] ReadMemory at 0x1f2a65e8aa0 of 132 bytes failed: Seule une partie d’une requête ReadProcessMemory ou WriteProcessMemory a été effectuée. (0x12B)
[1130/113435.359:ERROR:process_memory_win.cc(73)] ReadMemory at 0x1f2a65ec420 of 76 bytes failed: Seule une partie d’une requête ReadProcessMemory ou WriteProcessMemory a été effectuée. (0x12B)
[1130/113435.359:ERROR:process_memory_win.cc(73)] ReadMemory at 0x1f2a65ec480 of 80 bytes failed: Seule une partie d’une requête ReadProcessMemory ou WriteProcessMemory a été effectuée. (0x12B)
[1130/113435.359:ERROR:process_memory_win.cc(73)] ReadMemory at 0x1f2a65f5690 of 512 bytes failed: Seule une partie d’une requête ReadProcessMemory ou WriteProcessMemory a été effectuée. (0x12B)
[1130/113435.360:ERROR:process_memory_win.cc(73)] ReadMemory at 0x1f2a6610860 of 62 bytes failed: Seule une partie d’une requête ReadProcessMemory ou WriteProcessMemory a été effectuée. (0x12B)
[1130/113435.360:ERROR:process_memory_win.cc(73)] ReadMemory at 0x1f2a6610950 of 66 bytes failed: Seule une partie d’une requête ReadProcessMemory ou WriteProcessMemory a été effectuée. (0x12B)
[1130/113435.360:ERROR:process_memory_win.cc(73)] ReadMemory at 0x1f2a66109a0 of 60 bytes failed: Seule une partie d’une requête ReadProcessMemory ou WriteProcessMemory a été effectuée. (0x12B)
[1130/113435.360:ERROR:process_memory_win.cc(73)] ReadMemory at 0x1f2a66109f0 of 62 bytes failed: Seule une partie d’une requête ReadProcessMemory ou WriteProcessMemory a été effectuée. (0x12B)
[1130/113435.360:ERROR:process_memory_win.cc(73)] ReadMemory at 0x1f2a6610b30 of 64 bytes failed: Seule une partie d’une requête ReadProcessMemory ou WriteProcessMemory a été effectuée. (0x12B)
[1130/113435.360:ERROR:process_memory_win.cc(73)] ReadMemory at 0x1f2a6610d10 of 58 bytes failed: Seule une partie d’une requête ReadProcessMemory ou WriteProcessMemory a été effectuée. (0x12B)
[1130/113435.360:ERROR:process_memory_win.cc(73)] ReadMemory at 0x1f2a6611080 of 60 bytes failed: Seule une partie d’une requête ReadProcessMemory ou WriteProcessMemory a été effectuée. (0x12B)
[1130/113435.361:ERROR:process_memory_win.cc(73)] ReadMemory at 0x1f2a6611260 of 58 bytes failed: Seule une partie d’une requête ReadProcessMemory ou WriteProcessMemory a été effectuée. (0x12B)
[1130/113435.361:ERROR:process_memory_win.cc(73)] ReadMemory at 0x1f2a66114e0 of 58 bytes failed: Seule une partie d’une requête ReadProcessMemory ou WriteProcessMemory a été effectuée. (0x12B)
[1130/113435.361:ERROR:process_memory_win.cc(73)] ReadMemory at 0x1f2a6611530 of 62 bytes failed: Seule une partie d’une requête ReadProcessMemory ou WriteProcessMemory a été effectuée. (0x12B)
[1130/113435.361:ERROR:process_memory_win.cc(73)] ReadMemory at 0x1f2a661c900 of 78 bytes failed: Seule une partie d’une requête ReadProcessMemory ou WriteProcessMemory a été effectuée. (0x12B)
[1130/113435.361:ERROR:process_memory_win.cc(73)] ReadMemory at 0x1f2a663ae00 of 512 bytes failed: Seule une partie d’une requête ReadProcessMemory ou WriteProcessMemory a été effectuée. (0x12B)
[1130/113435.361:ERROR:process_memory_win.cc(73)] ReadMemory at 0x1f2a663bc00 of 512 bytes failed: Seule une partie d’une requête ReadProcessMemory ou WriteProcessMemory a été effectuée. (0x12B)
[1130/113435.361:ERROR:process_memory_win.cc(73)] ReadMemory at 0x1f2a6649730 of 512 bytes failed: Seule une partie d’une requête ReadProcessMemory ou WriteProcessMemory a été effectuée. (0x12B)
[1130/113435.362:ERROR:process_memory_win.cc(73)] ReadMemory at 0x1f2a664b570 of 512 bytes failed: Seule une partie d’une requête ReadProcessMemory ou WriteProcessMemory a été effectuée. (0x12B)
[1130/113435.362:ERROR:process_memory_win.cc(73)] ReadMemory at 0x1f2a6650df8 of 512 bytes failed: Seule une partie d’une requête ReadProcessMemory ou WriteProcessMemory a été effectuée. (0x12B)
[1130/113435.362:ERROR:process_memory_win.cc(73)] ReadMemory at 0x1f2a6654550 of 512 bytes failed: Seule une partie d’une requête ReadProcessMemory ou WriteProcessMemory a été effectuée. (0x12B)
[1130/113435.362:ERROR:process_memory_win.cc(73)] ReadMemory at 0x1f2a665a3c8 of 512 bytes failed: Seule une partie d’une requête ReadProcessMemory ou WriteProcessMemory a été effectuée. (0x12B)
[1130/113435.362:ERROR:process_memory_win.cc(73)] ReadMemory at 0x1f2a665ab18 of 512 bytes failed: Seule une partie d’une requête ReadProcessMemory ou WriteProcessMemory a été effectuée. (0x12B)
[1130/113435.362:ERROR:process_memory_win.cc(73)] ReadMemory at 0x1f2a665f9f0 of 512 bytes failed: Seule une partie d’une requête ReadProcessMemory ou WriteProcessMemory a été effectuée. (0x12B)
[1130/113435.362:ERROR:process_memory_win.cc(73)] ReadMemory at 0x1f2a66650c0 of 512 bytes failed: Seule une partie d’une requête ReadProcessMemory ou WriteProcessMemory a été effectuée. (0x12B)
[1130/113435.363:ERROR:process_memory_win.cc(73)] ReadMemory at 0x1f2a668e390 of 712 bytes failed: Seule une partie d’une requête ReadProcessMemory ou WriteProcessMemory a été effectuée. (0x12B)
[1130/113435.363:ERROR:process_memory_win.cc(73)] ReadMemory at 0x1f2a66989f0 of 512 bytes failed: Seule une partie d’une requête ReadProcessMemory ou WriteProcessMemory a été effectuée. (0x12B)
[1130/113435.363:ERROR:process_memory_win.cc(73)] ReadMemory at 0x1f2a66a2240 of 512 bytes failed: Seule une partie d’une requête ReadProcessMemory ou WriteProcessMemory a été effectuée. (0x12B)
[1130/113435.363:ERROR:process_memory_win.cc(73)] ReadMemory at 0x1f2a66a4122 of 804 bytes failed: Seule une partie d’une requête ReadProcessMemory ou WriteProcessMemory a été effectuée. (0x12B)
[1130/113435.363:ERROR:process_memory_win.cc(73)] ReadMemory at 0x1f2a66c3940 of 512 bytes failed: Seule une partie d’une requête ReadProcessMemory ou WriteProcessMemory a été effectuée. (0x12B)
[1130/113435.363:ERROR:process_memory_win.cc(73)] ReadMemory at 0x1f2a8226980 of 512 bytes failed: Seule une partie d’une requête ReadProcessMemory ou WriteProcessMemory a été effectuée. (0x12B)
[1130/113435.364:ERROR:process_memory_win.cc(73)] ReadMemory at 0x1f2a832f550 of 512 bytes failed: Seule une partie d’une requête ReadProcessMemory ou WriteProcessMemory a été effectuée. (0x12B)
[1130/113435.364:ERROR:process_memory_win.cc(73)] ReadMemory at 0x1f2a83f7920 of 512 bytes failed: Seule une partie d’une requête ReadProcessMemory ou WriteProcessMemory a été effectuée. (0x12B)
[1130/113435.364:ERROR:process_memory_win.cc(73)] ReadMemory at 0x1f2a8df7840 of 512 bytes failed: Seule une partie d’une requête ReadProcessMemory ou WriteProcessMemory a été effectuée. (0x12B)
[1130/113435.364:ERROR:process_memory_win.cc(73)] ReadMemory at 0x1f2a8ef4080 of 512 bytes failed: Seule une partie d’une requête ReadProcessMemory ou WriteProcessMemory a été effectuée. (0x12B)
[1130/113435.364:ERROR:process_memory_win.cc(73)] ReadMemory at 0x1f2a900b500 of 512 bytes failed: Seule une partie d’une requête ReadProcessMemory ou WriteProcessMemory a été effectuée. (0x12B)
[1130/113435.364:ERROR:process_memory_win.cc(73)] ReadMemory at 0x1f2a900bf80 of 512 bytes failed: Seule une partie d’une requête ReadProcessMemory ou WriteProcessMemory a été effectuée. (0x12B)
[1130/113435.364:ERROR:process_memory_win.cc(73)] ReadMemory at 0x1f2a9e7f25f of 512 bytes failed: Seule une partie d’une requête ReadProcessMemory ou WriteProcessMemory a été effectuée. (0x12B)
[1130/113435.365:ERROR:process_memory_win.cc(73)] ReadMemory at 0x1f2aa111630 of 512 bytes failed: Seule une partie d’une requête ReadProcessMemory ou WriteProcessMemory a été effectuée. (0x12B)
[1130/113435.365:ERROR:process_memory_win.cc(73)] ReadMemory at 0x1f2ac32f010 of 512 bytes failed: Seule une partie d’une requête ReadProcessMemory ou WriteProcessMemory a été effectuée. (0x12B)
[1130/113435.365:ERROR:process_memory_win.cc(73)] ReadMemory at 0x320955e34a40 of 544 bytes failed: Seule une partie d’une requête ReadProcessMemory ou WriteProcessMemory a été effectuée. (0x12B)
[1130/113435.365:ERROR:process_memory_win.cc(73)] ReadMemory at 0x6fab00000000 of 384 bytes failed: Seule une partie d’une requête ReadProcessMemory ou WriteProcessMemory a été effectuée. (0x12B)
[1130/113435.365:ERROR:process_memory_win.cc(73)] ReadMemory at 0x6fab0911af31 of 512 bytes failed: Seule une partie d’une requête ReadProcessMemory ou WriteProcessMemory a été effectuée. (0x12B)
[1130/113435.365:ERROR:process_memory_win.cc(73)] ReadMemory at 0x6fab0a783621 of 512 bytes failed: Seule une partie d’une requête ReadProcessMemory ou WriteProcessMemory a été effectuée. (0x12B)
[1130/113435.365:ERROR:process_memory_win.cc(73)] ReadMemory at 0x6fab0a9e02d1 of 512 bytes failed: Seule une partie d’une requête ReadProcessMemory ou WriteProcessMemory a été effectuée. (0x12B)
[1130/113435.366:ERROR:process_memory_win.cc(73)] ReadMemory at 0x7ff960ec4090 of 512 bytes failed: Seule une partie d’une requête ReadProcessMemory ou WriteProcessMemory a été effectuée. (0x12B)
[1130/113435.366:ERROR:process_memory_win.cc(73)] ReadMemory at 0x7ff9635cf0e0 of 545 bytes failed: Seule une partie d’une requête ReadProcessMemory ou WriteProcessMemory a été effectuée. (0x12B)
[1130/113435.366:ERROR:process_memory_win.cc(73)] ReadMemory at 0x7ff964093596 of 512 bytes failed: Seule une partie d’une requête ReadProcessMemory ou WriteProcessMemory a été effectuée. (0x12B)
[1130/113435.366:ERROR:process_memory_win.cc(73)] ReadMemory at 0x7ff9685f62a9 of 512 bytes failed: Seule une partie d’une requête ReadProcessMemory ou WriteProcessMemory a été effectuée. (0x12B)
[1130/113435.366:ERROR:process_memory_win.cc(73)] ReadMemory at 0x7ff9d4f03aa9 of 512 bytes failed: Seule une partie d’une requête ReadProcessMemory ou WriteProcessMemory a été effectuée. (0x12B)
[1130/113435.366:ERROR:process_memory_win.cc(73)] ReadMemory at 0x7ff9d512d700 of 512 bytes failed: Seule une partie d’une requête ReadProcessMemory ou WriteProcessMemory a été effectuée. (0x12B)
[1130/113435.366:ERROR:process_memory_win.cc(73)] ReadMemory at 0x7ff9d6c01fd0 of 512 bytes failed: Seule une partie d’une requête ReadProcessMemory ou WriteProcessMemory a été effectuée. (0x12B)
[1130/113435.367:ERROR:process_memory_win.cc(73)] ReadMemory at 0x7ff9d749c6f4 of 672 bytes failed: Seule une partie d’une requête ReadProcessMemory ou WriteProcessMemory a été effectuée. (0x12B)
[1130/113435.367:ERROR:process_memory_win.cc(73)] ReadMemory at 0x7ff9d749ccf4 of 512 bytes failed: Seule une partie d’une requête ReadProcessMemory ou WriteProcessMemory a été effectuée. (0x12B)
[1130/113435.367:ERROR:process_memory_win.cc(73)] ReadMemory at 0x7ff9d749ffa4 of 608 bytes failed: Seule une partie d’une requête ReadProcessMemory ou WriteProcessMemory a été effectuée. (0x12B)
[1130/113435.367:ERROR:process_memory_win.cc(73)] ReadMemory at 0x7ff9d752c428 of 18 bytes failed: Seule une partie d’une requête ReadProcessMemory ou WriteProcessMemory a été effectuée. (0x12B)
[1130/113435.367:ERROR:process_memory_win.cc(73)] ReadMemory at 0x7ff9d755f4f8 of 40 bytes failed: Seule une partie d’une requête ReadProcessMemory ou WriteProcessMemory a été effectuée. (0x12B)
[1130/113435.367:ERROR:process_memory_win.cc(73)] ReadMemory at 0x7ff9d755f978 of 48 bytes failed: Seule une partie d’une requête ReadProcessMemory ou WriteProcessMemory a été effectuée. (0x12B)
[1130/113435.367:ERROR:process_memory_win.cc(73)] ReadMemory at 0x7ff9d75653c0 of 64 bytes failed: Seule une partie d’une requête ReadProcessMemory ou WriteProcessMemory a été effectuée. (0x12B)
[1130/113435.372:ERROR:filesystem_win.cc(129)] GetFileAttributes C:\Users\VICTOR~1\AppData\Local\Temp\scoped_dir340_285823834\Crashpad\attachments\930cd450-5b74-4082-aac0-bba68775d116: Le chemin d’accès spécifié est introuvable. (0x3)
[1130/113435.370:ERROR:scoped_process_suspend.cc(40)] NtResumeProcess: Tentative d’accès à un processus en cours d’arrêt. (0xc000010a)
[1130/115244.320:ERROR:directory_reader_win.cc(43)] FindFirstFile: Le chemin d’accès spécifié est introuvable. (0x3)
[1130/115729.410:ERROR:directory_reader_win.cc(43)] FindFirstFile: Le chemin d’accès spécifié est introuvable. (0x3)
